2017-07-25 21:31:54 [127.0.0.1][1][p2hvcblb2b90nfm3kekahoa6c6][warning][application] *******abatatina****1
    in /var/www/intranet/src/web/intranet/frontend/controllers/AnniversaryController.php:60
2017-07-25 21:31:54 [127.0.0.1][1][p2hvcblb2b90nfm3kekahoa6c6][warning][application] abatatina
    in /var/www/intranet/src/web/intranet/frontend/controllers/AnniversaryController.php:67
2017-07-25 21:31:54 [127.0.0.1][1][p2hvcblb2b90nfm3kekahoa6c6][warning][application] *******ablanco****1
    in /var/www/intranet/src/web/intranet/frontend/controllers/AnniversaryController.php:60
2017-07-25 21:31:54 [127.0.0.1][1][p2hvcblb2b90nfm3kekahoa6c6][warning][application] ablanco
    in /var/www/intranet/src/web/intranet/frontend/controllers/AnniversaryController.php:67
2017-07-25 21:31:54 [127.0.0.1][1][p2hvcblb2b90nfm3kekahoa6c6][warning][application] *******abonaldy****1
    in /var/www/intranet/src/web/intranet/frontend/controllers/AnniversaryController.php:60
2017-07-25 21:31:54 [127.0.0.1][1][p2hvcblb2b90nfm3kekahoa6c6][warning][application] abonaldy
    in /var/www/intranet/src/web/intranet/frontend/controllers/AnniversaryController.php:67
2017-07-25 21:31:54 [127.0.0.1][1][p2hvcblb2b90nfm3kekahoa6c6][warning][application] *******adiaz****1
    in /var/www/intranet/src/web/intranet/frontend/controllers/AnniversaryController.php:60
2017-07-25 21:31:54 [127.0.0.1][1][p2hvcblb2b90nfm3kekahoa6c6][warning][application] adiaz
    in /var/www/intranet/src/web/intranet/frontend/controllers/AnniversaryController.php:67
2017-07-25 21:31:54 [127.0.0.1][1][p2hvcblb2b90nfm3kekahoa6c6][warning][application] *******Administrador****1
    in /var/www/intranet/src/web/intranet/frontend/controllers/AnniversaryController.php:60
2017-07-25 21:31:54 [127.0.0.1][1][p2hvcblb2b90nfm3kekahoa6c6][warning][application] Administrador
    in /var/www/intranet/src/web/intranet/frontend/controllers/AnniversaryController.php:67
2017-07-25 21:31:54 [127.0.0.1][1][p2hvcblb2b90nfm3kekahoa6c6][warning][application] *******Adolfoaeropuerto****1
    in /var/www/intranet/src/web/intranet/frontend/controllers/AnniversaryController.php:60
2017-07-25 21:31:54 [127.0.0.1][1][p2hvcblb2b90nfm3kekahoa6c6][warning][application] Adolfoaeropuerto
    in /var/www/intranet/src/web/intranet/frontend/controllers/AnniversaryController.php:67
2017-07-25 21:31:54 [127.0.0.1][1][p2hvcblb2b90nfm3kekahoa6c6][warning][application] *******adtolon****1
    in /var/www/intranet/src/web/intranet/frontend/controllers/AnniversaryController.php:60
2017-07-25 21:31:54 [127.0.0.1][1][p2hvcblb2b90nfm3kekahoa6c6][warning][application] adtolon
    in /var/www/intranet/src/web/intranet/frontend/controllers/AnniversaryController.php:67
2017-07-25 21:31:54 [127.0.0.1][1][p2hvcblb2b90nfm3kekahoa6c6][warning][application] *******AHatillo****1
    in /var/www/intranet/src/web/intranet/frontend/controllers/AnniversaryController.php:60
2017-07-25 21:31:54 [127.0.0.1][1][p2hvcblb2b90nfm3kekahoa6c6][warning][application] AHatillo
    in /var/www/intranet/src/web/intranet/frontend/controllers/AnniversaryController.php:67
2017-07-25 21:31:54 [127.0.0.1][1][p2hvcblb2b90nfm3kekahoa6c6][warning][application] *******aiscab****1
    in /var/www/intranet/src/web/intranet/frontend/controllers/AnniversaryController.php:60
2017-07-25 21:31:54 [127.0.0.1][1][p2hvcblb2b90nfm3kekahoa6c6][warning][application] aiscab
    in /var/www/intranet/src/web/intranet/frontend/controllers/AnniversaryController.php:67
2017-07-25 21:31:54 [127.0.0.1][1][p2hvcblb2b90nfm3kekahoa6c6][warning][application] *******aishmillenium****1
    in /var/www/intranet/src/web/intranet/frontend/controllers/AnniversaryController.php:60
2017-07-25 21:31:54 [127.0.0.1][1][p2hvcblb2b90nfm3kekahoa6c6][warning][application] aishmillenium
    in /var/www/intranet/src/web/intranet/frontend/controllers/AnniversaryController.php:67
2017-07-25 21:31:54 [127.0.0.1][1][p2hvcblb2b90nfm3kekahoa6c6][warning][application] *******Aishopbarcelona****1
    in /var/www/intranet/src/web/intranet/frontend/controllers/AnniversaryController.php:60
2017-07-25 21:31:54 [127.0.0.1][1][p2hvcblb2b90nfm3kekahoa6c6][warning][application] Aishopbarcelona
    in /var/www/intranet/src/web/intranet/frontend/controllers/AnniversaryController.php:67
2017-07-25 21:31:54 [127.0.0.1][1][p2hvcblb2b90nfm3kekahoa6c6][warning][application] *******aishopccct****1
    in /var/www/intranet/src/web/intranet/frontend/controllers/AnniversaryController.php:60
2017-07-25 21:31:54 [127.0.0.1][1][p2hvcblb2b90nfm3kekahoa6c6][warning][application] aishopccct
    in /var/www/intranet/src/web/intranet/frontend/controllers/AnniversaryController.php:67
2017-07-25 21:31:54 [127.0.0.1][1][p2hvcblb2b90nfm3kekahoa6c6][warning][application] *******Aishopfe****1
    in /var/www/intranet/src/web/intranet/frontend/controllers/AnniversaryController.php:60
2017-07-25 21:31:54 [127.0.0.1][1][p2hvcblb2b90nfm3kekahoa6c6][warning][application] Aishopfe
    in /var/www/intranet/src/web/intranet/frontend/controllers/AnniversaryController.php:67
2017-07-25 21:31:54 [127.0.0.1][1][p2hvcblb2b90nfm3kekahoa6c6][warning][application] *******Aishopm****1
    in /var/www/intranet/src/web/intranet/frontend/controllers/AnniversaryController.php:60
2017-07-25 21:31:54 [127.0.0.1][1][p2hvcblb2b90nfm3kekahoa6c6][warning][application] Aishopm
    in /var/www/intranet/src/web/intranet/frontend/controllers/AnniversaryController.php:67
2017-07-25 21:31:54 [127.0.0.1][1][p2hvcblb2b90nfm3kekahoa6c6][warning][application] *******aishtilider****1
    in /var/www/intranet/src/web/intranet/frontend/controllers/AnniversaryController.php:60
2017-07-25 21:31:54 [127.0.0.1][1][p2hvcblb2b90nfm3kekahoa6c6][warning][application] aishtilider
    in /var/www/intranet/src/web/intranet/frontend/controllers/AnniversaryController.php:67
2017-07-25 21:31:54 [127.0.0.1][1][p2hvcblb2b90nfm3kekahoa6c6][warning][application] *******aislido****1
    in /var/www/intranet/src/web/intranet/frontend/controllers/AnniversaryController.php:60
2017-07-25 21:31:54 [127.0.0.1][1][p2hvcblb2b90nfm3kekahoa6c6][warning][application] aislido
    in /var/www/intranet/src/web/intranet/frontend/controllers/AnniversaryController.php:67
2017-07-25 21:31:54 [127.0.0.1][1][p2hvcblb2b90nfm3kekahoa6c6][warning][application] *******aissagd****1
    in /var/www/intranet/src/web/intranet/frontend/controllers/AnniversaryController.php:60
2017-07-25 21:31:54 [127.0.0.1][1][p2hvcblb2b90nfm3kekahoa6c6][warning][application] aissagd
    in /var/www/intranet/src/web/intranet/frontend/controllers/AnniversaryController.php:67
2017-07-25 21:31:54 [127.0.0.1][1][p2hvcblb2b90nfm3kekahoa6c6][warning][application] *******Aldo****1
    in /var/www/intranet/src/web/intranet/frontend/controllers/AnniversaryController.php:60
2017-07-25 21:31:54 [127.0.0.1][1][p2hvcblb2b90nfm3kekahoa6c6][warning][application] Aldo
    in /var/www/intranet/src/web/intranet/frontend/controllers/AnniversaryController.php:67
2017-07-25 21:31:54 [127.0.0.1][1][p2hvcblb2b90nfm3kekahoa6c6][warning][application] *******amaturin****1
    in /var/www/intranet/src/web/intranet/frontend/controllers/AnniversaryController.php:60
2017-07-25 21:31:54 [127.0.0.1][1][p2hvcblb2b90nfm3kekahoa6c6][warning][application] amaturin
    in /var/www/intranet/src/web/intranet/frontend/controllers/AnniversaryController.php:67
2017-07-25 21:31:54 [127.0.0.1][1][p2hvcblb2b90nfm3kekahoa6c6][warning][application] *******amoncada****1
    in /var/www/intranet/src/web/intranet/frontend/controllers/AnniversaryController.php:60
2017-07-25 21:31:54 [127.0.0.1][1][p2hvcblb2b90nfm3kekahoa6c6][warning][application] amoncada
    in /var/www/intranet/src/web/intranet/frontend/controllers/AnniversaryController.php:67
2017-07-25 21:31:54 [127.0.0.1][1][p2hvcblb2b90nfm3kekahoa6c6][warning][application] *******amontilla****1
    in /var/www/intranet/src/web/intranet/frontend/controllers/AnniversaryController.php:60
2017-07-25 21:31:54 [127.0.0.1][1][p2hvcblb2b90nfm3kekahoa6c6][warning][application] amontilla
    in /var/www/intranet/src/web/intranet/frontend/controllers/AnniversaryController.php:67
2017-07-25 21:31:54 [127.0.0.1][1][p2hvcblb2b90nfm3kekahoa6c6][warning][application] *******andrea.park****1
    in /var/www/intranet/src/web/intranet/frontend/controllers/AnniversaryController.php:60
2017-07-25 21:31:54 [127.0.0.1][1][p2hvcblb2b90nfm3kekahoa6c6][warning][application] andrea.park
    in /var/www/intranet/src/web/intranet/frontend/controllers/AnniversaryController.php:67
2017-07-25 21:31:54 [127.0.0.1][1][p2hvcblb2b90nfm3kekahoa6c6][warning][application] *******andrea.parks****1
    in /var/www/intranet/src/web/intranet/frontend/controllers/AnniversaryController.php:60
2017-07-25 21:31:54 [127.0.0.1][1][p2hvcblb2b90nfm3kekahoa6c6][warning][application] andrea.parks
    in /var/www/intranet/src/web/intranet/frontend/controllers/AnniversaryController.php:67
2017-07-25 21:31:54 [127.0.0.1][1][p2hvcblb2b90nfm3kekahoa6c6][warning][application] *******apaiva****1
    in /var/www/intranet/src/web/intranet/frontend/controllers/AnniversaryController.php:60
2017-07-25 21:31:54 [127.0.0.1][1][p2hvcblb2b90nfm3kekahoa6c6][warning][application] apaiva
    in /var/www/intranet/src/web/intranet/frontend/controllers/AnniversaryController.php:67
2017-07-25 21:31:54 [127.0.0.1][1][p2hvcblb2b90nfm3kekahoa6c6][warning][application] *******Arecreo****1
    in /var/www/intranet/src/web/intranet/frontend/controllers/AnniversaryController.php:60
2017-07-25 21:31:54 [127.0.0.1][1][p2hvcblb2b90nfm3kekahoa6c6][warning][application] Arecreo
    in /var/www/intranet/src/web/intranet/frontend/controllers/AnniversaryController.php:67
2017-07-25 21:31:54 [127.0.0.1][1][p2hvcblb2b90nfm3kekahoa6c6][warning][application] *******areitich****1
    in /var/www/intranet/src/web/intranet/frontend/controllers/AnniversaryController.php:60
2017-07-25 21:31:54 [127.0.0.1][1][p2hvcblb2b90nfm3kekahoa6c6][warning][application] areitich
    in /var/www/intranet/src/web/intranet/frontend/controllers/AnniversaryController.php:67
2017-07-25 21:31:54 [127.0.0.1][1][p2hvcblb2b90nfm3kekahoa6c6][warning][application] *******arojas****1
    in /var/www/intranet/src/web/intranet/frontend/controllers/AnniversaryController.php:60
2017-07-25 21:31:54 [127.0.0.1][1][p2hvcblb2b90nfm3kekahoa6c6][warning][application] arojas
    in /var/www/intranet/src/web/intranet/frontend/controllers/AnniversaryController.php:67
2017-07-25 21:31:54 [127.0.0.1][1][p2hvcblb2b90nfm3kekahoa6c6][warning][application] *******aromero****1
    in /var/www/intranet/src/web/intranet/frontend/controllers/AnniversaryController.php:60
2017-07-25 21:31:54 [127.0.0.1][1][p2hvcblb2b90nfm3kekahoa6c6][warning][application] aromero
    in /var/www/intranet/src/web/intranet/frontend/controllers/AnniversaryController.php:67
2017-07-25 21:31:54 [127.0.0.1][1][p2hvcblb2b90nfm3kekahoa6c6][warning][application] *******avielma****1
    in /var/www/intranet/src/web/intranet/frontend/controllers/AnniversaryController.php:60
2017-07-25 21:31:54 [127.0.0.1][1][p2hvcblb2b90nfm3kekahoa6c6][warning][application] avielma
    in /var/www/intranet/src/web/intranet/frontend/controllers/AnniversaryController.php:67
2017-07-25 21:31:54 [127.0.0.1][1][p2hvcblb2b90nfm3kekahoa6c6][warning][application] *******avillamizar****1
    in /var/www/intranet/src/web/intranet/frontend/controllers/AnniversaryController.php:60
2017-07-25 21:31:54 [127.0.0.1][1][p2hvcblb2b90nfm3kekahoa6c6][warning][application] avillamizar
    in /var/www/intranet/src/web/intranet/frontend/controllers/AnniversaryController.php:67
2017-07-25 21:31:54 [127.0.0.1][1][p2hvcblb2b90nfm3kekahoa6c6][error][Error] Error: Call to a member function getFinicio() on null in /var/www/intranet/src/web/intranet/frontend/controllers/AnniversaryController.php:74
Stack trace:
#0 [internal function]: frontend\controllers\AnniversaryController->actionDate()
#1 /var/www/intranet/src/web/intranet/vendor/yiisoft/yii2/base/InlineAction.php(57): call_user_func_array(Array, Array)
#2 /var/www/intranet/src/web/intranet/vendor/yiisoft/yii2/base/Controller.php(156): yii\base\InlineAction->runWithParams(Array)
#3 /var/www/intranet/src/web/intranet/vendor/yiisoft/yii2/base/Module.php(523): yii\base\Controller->runAction('date', Array)
#4 /var/www/intranet/src/web/intranet/vendor/yiisoft/yii2/web/Application.php(102): yii\base\Module->runAction('anniversary/dat...', Array)
#5 /var/www/intranet/src/web/intranet/vendor/yiisoft/yii2/base/Application.php(380): yii\web\Application->handleRequest(Object(yii\web\Request))
#6 /var/www/intranet/src/web/intranet/frontend/web/index.php(17): yii\base\Application->run()
#7 {main}
2017-07-25 21:31:54 [127.0.0.1][1][p2hvcblb2b90nfm3kekahoa6c6][info][application] $_GET = [
    'r' => 'anniversary/date'
]

$_COOKIE = [
    'PHPFRONTSESSID' => 'p2hvcblb2b90nfm3kekahoa6c6'
    '_frontendCSRF' => '724cde5ae595a350a96c70095b4e5891b66e47d1729a6fc0ee27d3f6b91fd6c0a:2:{i:0;s:13:\"_frontendCSRF\";i:1;s:32:\"6k4iXp0kQrXQNPpobIWjbccohK6M2toQ\";}'
    '_csrf-backend' => '054d412676d648decb8d740d8492b934f8aef83fb2c4b33509789a29b263b459a:2:{i:0;s:13:\"_csrf-backend\";i:1;s:32:\"KASOFCQ9lEX1R-bTWPHyfD1KFt1f62z9\";}'
    'advanced-backend' => 'rvq67mjqgej0ugnm5eeifcdms2'
    '_identity-backend' => '10ac79f6251713b89862d8a6b596485e80d67e06d51a0f12b6e16d21ec7db4aaa:2:{i:0;s:17:\"_identity-backend\";i:1;s:46:\"[1,\"zmvjCiyO9z6QcAVkmSu-M4wzfreyCd2k\",2592000]\";}'
]

$_SESSION = [
    '__flash' => []
    '__id' => 1
]

$_SERVER = [
    'SCRIPT_URL' => '/index.php'
    'SCRIPT_URI' => 'http://intranet.local/index.php'
    'HTTP_HOST' => 'intranet.local'
    'HTTP_CONNECTION' => 'keep-alive'
    'HTTP_CACHE_CONTROL' => 'max-age=0'
    'HTTP_UPGRADE_INSECURE_REQUESTS' => '1'
    'HTTP_USER_AGENT' => 'Mozilla/5.0 (X11; Linux x86_64) AppleWebKit/537.36 (KHTML, like Gecko) Chrome/59.0.3071.115 Safari/537.36'
    'HTTP_ACCEPT' => 'text/html,application/xhtml+xml,application/xml;q=0.9,image/webp,image/apng,*/*;q=0.8'
    'HTTP_REFERER' => 'http://intranet.local/index.php?r=link%2Fsearch'
    'HTTP_ACCEPT_ENCODING' => 'gzip, deflate'
    'HTTP_ACCEPT_LANGUAGE' => 'es-419,es;q=0.8,en;q=0.6'
    'HTTP_COOKIE' => 'PHPFRONTSESSID=p2hvcblb2b90nfm3kekahoa6c6; _frontendCSRF=724cde5ae595a350a96c70095b4e5891b66e47d1729a6fc0ee27d3f6b91fd6c0a%3A2%3A%7Bi%3A0%3Bs%3A13%3A%22_frontendCSRF%22%3Bi%3A1%3Bs%3A32%3A%226k4iXp0kQrXQNPpobIWjbccohK6M2toQ%22%3B%7D; _csrf-backend=054d412676d648decb8d740d8492b934f8aef83fb2c4b33509789a29b263b459a%3A2%3A%7Bi%3A0%3Bs%3A13%3A%22_csrf-backend%22%3Bi%3A1%3Bs%3A32%3A%22KASOFCQ9lEX1R-bTWPHyfD1KFt1f62z9%22%3B%7D; advanced-backend=rvq67mjqgej0ugnm5eeifcdms2; _identity-backend=10ac79f6251713b89862d8a6b596485e80d67e06d51a0f12b6e16d21ec7db4aaa%3A2%3A%7Bi%3A0%3Bs%3A17%3A%22_identity-backend%22%3Bi%3A1%3Bs%3A46%3A%22%5B1%2C%22zmvjCiyO9z6QcAVkmSu-M4wzfreyCd2k%22%2C2592000%5D%22%3B%7D'
    'PATH' => '/usr/local/sbin:/usr/local/bin:/usr/sbin:/usr/bin:/sbin:/bin'
    'SERVER_SIGNATURE' => '<address>Apache/2.4.18 (Ubuntu) Server at intranet.local Port 80</address>
'
    'SERVER_SOFTWARE' => 'Apache/2.4.18 (Ubuntu)'
    'SERVER_NAME' => 'intranet.local'
    'SERVER_ADDR' => '127.0.1.1'
    'SERVER_PORT' => '80'
    'REMOTE_ADDR' => '127.0.0.1'
    'DOCUMENT_ROOT' => '/var/www/intranet/src/web/intranet'
    'REQUEST_SCHEME' => 'http'
    'CONTEXT_PREFIX' => ''
    'CONTEXT_DOCUMENT_ROOT' => '/var/www/intranet/src/web/intranet'
    'SERVER_ADMIN' => '[no address given]'
    'SCRIPT_FILENAME' => '/var/www/intranet/src/web/intranet/frontend/web/index.php'
    'REMOTE_PORT' => '38760'
    'GATEWAY_INTERFACE' => 'CGI/1.1'
    'SERVER_PROTOCOL' => 'HTTP/1.1'
    'REQUEST_METHOD' => 'GET'
    'QUERY_STRING' => 'r=anniversary%2Fdate'
    'REQUEST_URI' => '/index.php?r=anniversary%2Fdate'
    'SCRIPT_NAME' => '/index.php'
    'PHP_SELF' => '/index.php'
    'REQUEST_TIME_FLOAT' => 1501018314.758
    'REQUEST_TIME' => 1501018314
]
2017-07-25 21:33:11 [127.0.0.1][1][p2hvcblb2b90nfm3kekahoa6c6][error][Error] Error: Call to a member function getFinicio() on null in /var/www/intranet/src/web/intranet/frontend/controllers/AnniversaryController.php:106
Stack trace:
#0 [internal function]: frontend\controllers\AnniversaryController->actionJsonanniversary()
#1 /var/www/intranet/src/web/intranet/vendor/yiisoft/yii2/base/InlineAction.php(57): call_user_func_array(Array, Array)
#2 /var/www/intranet/src/web/intranet/vendor/yiisoft/yii2/base/Controller.php(156): yii\base\InlineAction->runWithParams(Array)
#3 /var/www/intranet/src/web/intranet/vendor/yiisoft/yii2/base/Module.php(523): yii\base\Controller->runAction('jsonanniversary', Array)
#4 /var/www/intranet/src/web/intranet/vendor/yiisoft/yii2/web/Application.php(102): yii\base\Module->runAction('anniversary/jso...', Array)
#5 /var/www/intranet/src/web/intranet/vendor/yiisoft/yii2/base/Application.php(380): yii\web\Application->handleRequest(Object(yii\web\Request))
#6 /var/www/intranet/src/web/intranet/frontend/web/index.php(17): yii\base\Application->run()
#7 {main}
2017-07-25 21:33:11 [127.0.0.1][1][p2hvcblb2b90nfm3kekahoa6c6][info][application] $_GET = [
    'r' => 'anniversary/jsonanniversary'
    'start' => '2017-06-26'
    'end' => '2017-08-07'
    '_' => '1501018391234'
]

$_COOKIE = [
    'PHPFRONTSESSID' => 'p2hvcblb2b90nfm3kekahoa6c6'
    '_frontendCSRF' => '724cde5ae595a350a96c70095b4e5891b66e47d1729a6fc0ee27d3f6b91fd6c0a:2:{i:0;s:13:\"_frontendCSRF\";i:1;s:32:\"6k4iXp0kQrXQNPpobIWjbccohK6M2toQ\";}'
    '_csrf-backend' => '054d412676d648decb8d740d8492b934f8aef83fb2c4b33509789a29b263b459a:2:{i:0;s:13:\"_csrf-backend\";i:1;s:32:\"KASOFCQ9lEX1R-bTWPHyfD1KFt1f62z9\";}'
    'advanced-backend' => 'rvq67mjqgej0ugnm5eeifcdms2'
    '_identity-backend' => '10ac79f6251713b89862d8a6b596485e80d67e06d51a0f12b6e16d21ec7db4aaa:2:{i:0;s:17:\"_identity-backend\";i:1;s:46:\"[1,\"zmvjCiyO9z6QcAVkmSu-M4wzfreyCd2k\",2592000]\";}'
]

$_SESSION = [
    '__flash' => []
    '__id' => 1
]

$_SERVER = [
    'SCRIPT_URL' => '/index.php'
    'SCRIPT_URI' => 'http://intranet.local/index.php'
    'HTTP_HOST' => 'intranet.local'
    'HTTP_CONNECTION' => 'keep-alive'
    'HTTP_ACCEPT' => 'application/json, text/javascript, */*; q=0.01'
    'HTTP_X_CSRF_TOKEN' => 'YVBHR3Z1ak5XO3MuLgVaJTAiHxY4JRohAxkQLRQWCSEJG3EKRAEFHw=='
    'HTTP_USER_AGENT' => 'Mozilla/5.0 (X11; Linux x86_64) AppleWebKit/537.36 (KHTML, like Gecko) Chrome/59.0.3071.115 Safari/537.36'
    'HTTP_X_REQUESTED_WITH' => 'XMLHttpRequest'
    'HTTP_REFERER' => 'http://intranet.local/index.php?r=anniversary%2Fdate'
    'HTTP_ACCEPT_ENCODING' => 'gzip, deflate'
    'HTTP_ACCEPT_LANGUAGE' => 'es-419,es;q=0.8,en;q=0.6'
    'HTTP_COOKIE' => 'PHPFRONTSESSID=p2hvcblb2b90nfm3kekahoa6c6; _frontendCSRF=724cde5ae595a350a96c70095b4e5891b66e47d1729a6fc0ee27d3f6b91fd6c0a%3A2%3A%7Bi%3A0%3Bs%3A13%3A%22_frontendCSRF%22%3Bi%3A1%3Bs%3A32%3A%226k4iXp0kQrXQNPpobIWjbccohK6M2toQ%22%3B%7D; _csrf-backend=054d412676d648decb8d740d8492b934f8aef83fb2c4b33509789a29b263b459a%3A2%3A%7Bi%3A0%3Bs%3A13%3A%22_csrf-backend%22%3Bi%3A1%3Bs%3A32%3A%22KASOFCQ9lEX1R-bTWPHyfD1KFt1f62z9%22%3B%7D; advanced-backend=rvq67mjqgej0ugnm5eeifcdms2; _identity-backend=10ac79f6251713b89862d8a6b596485e80d67e06d51a0f12b6e16d21ec7db4aaa%3A2%3A%7Bi%3A0%3Bs%3A17%3A%22_identity-backend%22%3Bi%3A1%3Bs%3A46%3A%22%5B1%2C%22zmvjCiyO9z6QcAVkmSu-M4wzfreyCd2k%22%2C2592000%5D%22%3B%7D'
    'PATH' => '/usr/local/sbin:/usr/local/bin:/usr/sbin:/usr/bin:/sbin:/bin'
    'SERVER_SIGNATURE' => '<address>Apache/2.4.18 (Ubuntu) Server at intranet.local Port 80</address>
'
    'SERVER_SOFTWARE' => 'Apache/2.4.18 (Ubuntu)'
    'SERVER_NAME' => 'intranet.local'
    'SERVER_ADDR' => '127.0.1.1'
    'SERVER_PORT' => '80'
    'REMOTE_ADDR' => '127.0.0.1'
    'DOCUMENT_ROOT' => '/var/www/intranet/src/web/intranet'
    'REQUEST_SCHEME' => 'http'
    'CONTEXT_PREFIX' => ''
    'CONTEXT_DOCUMENT_ROOT' => '/var/www/intranet/src/web/intranet'
    'SERVER_ADMIN' => '[no address given]'
    'SCRIPT_FILENAME' => '/var/www/intranet/src/web/intranet/frontend/web/index.php'
    'REMOTE_PORT' => '38768'
    'GATEWAY_INTERFACE' => 'CGI/1.1'
    'SERVER_PROTOCOL' => 'HTTP/1.1'
    'REQUEST_METHOD' => 'GET'
    'QUERY_STRING' => 'r=anniversary%2Fjsonanniversary&start=2017-06-26&end=2017-08-07&_=1501018391234'
    'REQUEST_URI' => '/index.php?r=anniversary%2Fjsonanniversary&start=2017-06-26&end=2017-08-07&_=1501018391234'
    'SCRIPT_NAME' => '/index.php'
    'PHP_SELF' => '/index.php'
    'REQUEST_TIME_FLOAT' => 1501018391.38
    'REQUEST_TIME' => 1501018391
]
2017-07-25 21:33:50 [127.0.0.1][1][p2hvcblb2b90nfm3kekahoa6c6][error][Error] Error: Call to a member function getFinicio() on null in /var/www/intranet/src/web/intranet/frontend/controllers/AnniversaryController.php:106
Stack trace:
#0 [internal function]: frontend\controllers\AnniversaryController->actionJsonanniversary()
#1 /var/www/intranet/src/web/intranet/vendor/yiisoft/yii2/base/InlineAction.php(57): call_user_func_array(Array, Array)
#2 /var/www/intranet/src/web/intranet/vendor/yiisoft/yii2/base/Controller.php(156): yii\base\InlineAction->runWithParams(Array)
#3 /var/www/intranet/src/web/intranet/vendor/yiisoft/yii2/base/Module.php(523): yii\base\Controller->runAction('jsonanniversary', Array)
#4 /var/www/intranet/src/web/intranet/vendor/yiisoft/yii2/web/Application.php(102): yii\base\Module->runAction('anniversary/jso...', Array)
#5 /var/www/intranet/src/web/intranet/vendor/yiisoft/yii2/base/Application.php(380): yii\web\Application->handleRequest(Object(yii\web\Request))
#6 /var/www/intranet/src/web/intranet/frontend/web/index.php(17): yii\base\Application->run()
#7 {main}
2017-07-25 21:33:50 [127.0.0.1][1][p2hvcblb2b90nfm3kekahoa6c6][info][application] $_GET = [
    'r' => 'anniversary/jsonanniversary'
    'start' => '2017-05-29'
    'end' => '2017-07-10'
    '_' => '1501018391235'
]

$_COOKIE = [
    'PHPFRONTSESSID' => 'p2hvcblb2b90nfm3kekahoa6c6'
    '_frontendCSRF' => '724cde5ae595a350a96c70095b4e5891b66e47d1729a6fc0ee27d3f6b91fd6c0a:2:{i:0;s:13:\"_frontendCSRF\";i:1;s:32:\"6k4iXp0kQrXQNPpobIWjbccohK6M2toQ\";}'
    '_csrf-backend' => '054d412676d648decb8d740d8492b934f8aef83fb2c4b33509789a29b263b459a:2:{i:0;s:13:\"_csrf-backend\";i:1;s:32:\"KASOFCQ9lEX1R-bTWPHyfD1KFt1f62z9\";}'
    'advanced-backend' => 'rvq67mjqgej0ugnm5eeifcdms2'
    '_identity-backend' => '10ac79f6251713b89862d8a6b596485e80d67e06d51a0f12b6e16d21ec7db4aaa:2:{i:0;s:17:\"_identity-backend\";i:1;s:46:\"[1,\"zmvjCiyO9z6QcAVkmSu-M4wzfreyCd2k\",2592000]\";}'
]

$_SESSION = [
    '__flash' => []
    '__id' => 1
]

$_SERVER = [
    'SCRIPT_URL' => '/index.php'
    'SCRIPT_URI' => 'http://intranet.local/index.php'
    'HTTP_HOST' => 'intranet.local'
    'HTTP_CONNECTION' => 'keep-alive'
    'HTTP_ACCEPT' => 'application/json, text/javascript, */*; q=0.01'
    'HTTP_X_CSRF_TOKEN' => 'YVBHR3Z1ak5XO3MuLgVaJTAiHxY4JRohAxkQLRQWCSEJG3EKRAEFHw=='
    'HTTP_USER_AGENT' => 'Mozilla/5.0 (X11; Linux x86_64) AppleWebKit/537.36 (KHTML, like Gecko) Chrome/59.0.3071.115 Safari/537.36'
    'HTTP_X_REQUESTED_WITH' => 'XMLHttpRequest'
    'HTTP_REFERER' => 'http://intranet.local/index.php?r=anniversary%2Fdate'
    'HTTP_ACCEPT_ENCODING' => 'gzip, deflate'
    'HTTP_ACCEPT_LANGUAGE' => 'es-419,es;q=0.8,en;q=0.6'
    'HTTP_COOKIE' => 'PHPFRONTSESSID=p2hvcblb2b90nfm3kekahoa6c6; _frontendCSRF=724cde5ae595a350a96c70095b4e5891b66e47d1729a6fc0ee27d3f6b91fd6c0a%3A2%3A%7Bi%3A0%3Bs%3A13%3A%22_frontendCSRF%22%3Bi%3A1%3Bs%3A32%3A%226k4iXp0kQrXQNPpobIWjbccohK6M2toQ%22%3B%7D; _csrf-backend=054d412676d648decb8d740d8492b934f8aef83fb2c4b33509789a29b263b459a%3A2%3A%7Bi%3A0%3Bs%3A13%3A%22_csrf-backend%22%3Bi%3A1%3Bs%3A32%3A%22KASOFCQ9lEX1R-bTWPHyfD1KFt1f62z9%22%3B%7D; advanced-backend=rvq67mjqgej0ugnm5eeifcdms2; _identity-backend=10ac79f6251713b89862d8a6b596485e80d67e06d51a0f12b6e16d21ec7db4aaa%3A2%3A%7Bi%3A0%3Bs%3A17%3A%22_identity-backend%22%3Bi%3A1%3Bs%3A46%3A%22%5B1%2C%22zmvjCiyO9z6QcAVkmSu-M4wzfreyCd2k%22%2C2592000%5D%22%3B%7D'
    'PATH' => '/usr/local/sbin:/usr/local/bin:/usr/sbin:/usr/bin:/sbin:/bin'
    'SERVER_SIGNATURE' => '<address>Apache/2.4.18 (Ubuntu) Server at intranet.local Port 80</address>
'
    'SERVER_SOFTWARE' => 'Apache/2.4.18 (Ubuntu)'
    'SERVER_NAME' => 'intranet.local'
    'SERVER_ADDR' => '127.0.1.1'
    'SERVER_PORT' => '80'
    'REMOTE_ADDR' => '127.0.0.1'
    'DOCUMENT_ROOT' => '/var/www/intranet/src/web/intranet'
    'REQUEST_SCHEME' => 'http'
    'CONTEXT_PREFIX' => ''
    'CONTEXT_DOCUMENT_ROOT' => '/var/www/intranet/src/web/intranet'
    'SERVER_ADMIN' => '[no address given]'
    'SCRIPT_FILENAME' => '/var/www/intranet/src/web/intranet/frontend/web/index.php'
    'REMOTE_PORT' => '38776'
    'GATEWAY_INTERFACE' => 'CGI/1.1'
    'SERVER_PROTOCOL' => 'HTTP/1.1'
    'REQUEST_METHOD' => 'GET'
    'QUERY_STRING' => 'r=anniversary%2Fjsonanniversary&start=2017-05-29&end=2017-07-10&_=1501018391235'
    'REQUEST_URI' => '/index.php?r=anniversary%2Fjsonanniversary&start=2017-05-29&end=2017-07-10&_=1501018391235'
    'SCRIPT_NAME' => '/index.php'
    'PHP_SELF' => '/index.php'
    'REQUEST_TIME_FLOAT' => 1501018430.014
    'REQUEST_TIME' => 1501018430
]
2017-07-25 21:33:50 [127.0.0.1][1][p2hvcblb2b90nfm3kekahoa6c6][error][Error] Error: Call to a member function getFinicio() on null in /var/www/intranet/src/web/intranet/frontend/controllers/AnniversaryController.php:106
Stack trace:
#0 [internal function]: frontend\controllers\AnniversaryController->actionJsonanniversary()
#1 /var/www/intranet/src/web/intranet/vendor/yiisoft/yii2/base/InlineAction.php(57): call_user_func_array(Array, Array)
#2 /var/www/intranet/src/web/intranet/vendor/yiisoft/yii2/base/Controller.php(156): yii\base\InlineAction->runWithParams(Array)
#3 /var/www/intranet/src/web/intranet/vendor/yiisoft/yii2/base/Module.php(523): yii\base\Controller->runAction('jsonanniversary', Array)
#4 /var/www/intranet/src/web/intranet/vendor/yiisoft/yii2/web/Application.php(102): yii\base\Module->runAction('anniversary/jso...', Array)
#5 /var/www/intranet/src/web/intranet/vendor/yiisoft/yii2/base/Application.php(380): yii\web\Application->handleRequest(Object(yii\web\Request))
#6 /var/www/intranet/src/web/intranet/frontend/web/index.php(17): yii\base\Application->run()
#7 {main}
2017-07-25 21:33:50 [127.0.0.1][1][p2hvcblb2b90nfm3kekahoa6c6][info][application] $_GET = [
    'r' => 'anniversary/jsonanniversary'
    'start' => '2017-06-26'
    'end' => '2017-08-07'
    '_' => '1501018391236'
]

$_COOKIE = [
    'PHPFRONTSESSID' => 'p2hvcblb2b90nfm3kekahoa6c6'
    '_frontendCSRF' => '724cde5ae595a350a96c70095b4e5891b66e47d1729a6fc0ee27d3f6b91fd6c0a:2:{i:0;s:13:\"_frontendCSRF\";i:1;s:32:\"6k4iXp0kQrXQNPpobIWjbccohK6M2toQ\";}'
    '_csrf-backend' => '054d412676d648decb8d740d8492b934f8aef83fb2c4b33509789a29b263b459a:2:{i:0;s:13:\"_csrf-backend\";i:1;s:32:\"KASOFCQ9lEX1R-bTWPHyfD1KFt1f62z9\";}'
    'advanced-backend' => 'rvq67mjqgej0ugnm5eeifcdms2'
    '_identity-backend' => '10ac79f6251713b89862d8a6b596485e80d67e06d51a0f12b6e16d21ec7db4aaa:2:{i:0;s:17:\"_identity-backend\";i:1;s:46:\"[1,\"zmvjCiyO9z6QcAVkmSu-M4wzfreyCd2k\",2592000]\";}'
]

$_SESSION = [
    '__flash' => []
    '__id' => 1
]

$_SERVER = [
    'SCRIPT_URL' => '/index.php'
    'SCRIPT_URI' => 'http://intranet.local/index.php'
    'HTTP_HOST' => 'intranet.local'
    'HTTP_CONNECTION' => 'keep-alive'
    'HTTP_ACCEPT' => 'application/json, text/javascript, */*; q=0.01'
    'HTTP_X_CSRF_TOKEN' => 'YVBHR3Z1ak5XO3MuLgVaJTAiHxY4JRohAxkQLRQWCSEJG3EKRAEFHw=='
    'HTTP_USER_AGENT' => 'Mozilla/5.0 (X11; Linux x86_64) AppleWebKit/537.36 (KHTML, like Gecko) Chrome/59.0.3071.115 Safari/537.36'
    'HTTP_X_REQUESTED_WITH' => 'XMLHttpRequest'
    'HTTP_REFERER' => 'http://intranet.local/index.php?r=anniversary%2Fdate'
    'HTTP_ACCEPT_ENCODING' => 'gzip, deflate'
    'HTTP_ACCEPT_LANGUAGE' => 'es-419,es;q=0.8,en;q=0.6'
    'HTTP_COOKIE' => 'PHPFRONTSESSID=p2hvcblb2b90nfm3kekahoa6c6; _frontendCSRF=724cde5ae595a350a96c70095b4e5891b66e47d1729a6fc0ee27d3f6b91fd6c0a%3A2%3A%7Bi%3A0%3Bs%3A13%3A%22_frontendCSRF%22%3Bi%3A1%3Bs%3A32%3A%226k4iXp0kQrXQNPpobIWjbccohK6M2toQ%22%3B%7D; _csrf-backend=054d412676d648decb8d740d8492b934f8aef83fb2c4b33509789a29b263b459a%3A2%3A%7Bi%3A0%3Bs%3A13%3A%22_csrf-backend%22%3Bi%3A1%3Bs%3A32%3A%22KASOFCQ9lEX1R-bTWPHyfD1KFt1f62z9%22%3B%7D; advanced-backend=rvq67mjqgej0ugnm5eeifcdms2; _identity-backend=10ac79f6251713b89862d8a6b596485e80d67e06d51a0f12b6e16d21ec7db4aaa%3A2%3A%7Bi%3A0%3Bs%3A17%3A%22_identity-backend%22%3Bi%3A1%3Bs%3A46%3A%22%5B1%2C%22zmvjCiyO9z6QcAVkmSu-M4wzfreyCd2k%22%2C2592000%5D%22%3B%7D'
    'PATH' => '/usr/local/sbin:/usr/local/bin:/usr/sbin:/usr/bin:/sbin:/bin'
    'SERVER_SIGNATURE' => '<address>Apache/2.4.18 (Ubuntu) Server at intranet.local Port 80</address>
'
    'SERVER_SOFTWARE' => 'Apache/2.4.18 (Ubuntu)'
    'SERVER_NAME' => 'intranet.local'
    'SERVER_ADDR' => '127.0.1.1'
    'SERVER_PORT' => '80'
    'REMOTE_ADDR' => '127.0.0.1'
    'DOCUMENT_ROOT' => '/var/www/intranet/src/web/intranet'
    'REQUEST_SCHEME' => 'http'
    'CONTEXT_PREFIX' => ''
    'CONTEXT_DOCUMENT_ROOT' => '/var/www/intranet/src/web/intranet'
    'SERVER_ADMIN' => '[no address given]'
    'SCRIPT_FILENAME' => '/var/www/intranet/src/web/intranet/frontend/web/index.php'
    'REMOTE_PORT' => '38780'
    'GATEWAY_INTERFACE' => 'CGI/1.1'
    'SERVER_PROTOCOL' => 'HTTP/1.1'
    'REQUEST_METHOD' => 'GET'
    'QUERY_STRING' => 'r=anniversary%2Fjsonanniversary&start=2017-06-26&end=2017-08-07&_=1501018391236'
    'REQUEST_URI' => '/index.php?r=anniversary%2Fjsonanniversary&start=2017-06-26&end=2017-08-07&_=1501018391236'
    'SCRIPT_NAME' => '/index.php'
    'PHP_SELF' => '/index.php'
    'REQUEST_TIME_FLOAT' => 1501018430.831
    'REQUEST_TIME' => 1501018430
]
2017-07-25 21:33:51 [127.0.0.1][1][p2hvcblb2b90nfm3kekahoa6c6][error][Error] Error: Call to a member function getFinicio() on null in /var/www/intranet/src/web/intranet/frontend/controllers/AnniversaryController.php:106
Stack trace:
#0 [internal function]: frontend\controllers\AnniversaryController->actionJsonanniversary()
#1 /var/www/intranet/src/web/intranet/vendor/yiisoft/yii2/base/InlineAction.php(57): call_user_func_array(Array, Array)
#2 /var/www/intranet/src/web/intranet/vendor/yiisoft/yii2/base/Controller.php(156): yii\base\InlineAction->runWithParams(Array)
#3 /var/www/intranet/src/web/intranet/vendor/yiisoft/yii2/base/Module.php(523): yii\base\Controller->runAction('jsonanniversary', Array)
#4 /var/www/intranet/src/web/intranet/vendor/yiisoft/yii2/web/Application.php(102): yii\base\Module->runAction('anniversary/jso...', Array)
#5 /var/www/intranet/src/web/intranet/vendor/yiisoft/yii2/base/Application.php(380): yii\web\Application->handleRequest(Object(yii\web\Request))
#6 /var/www/intranet/src/web/intranet/frontend/web/index.php(17): yii\base\Application->run()
#7 {main}
2017-07-25 21:33:51 [127.0.0.1][1][p2hvcblb2b90nfm3kekahoa6c6][info][application] $_GET = [
    'r' => 'anniversary/jsonanniversary'
    'start' => '2017-07-31'
    'end' => '2017-09-11'
    '_' => '1501018391237'
]

$_COOKIE = [
    'PHPFRONTSESSID' => 'p2hvcblb2b90nfm3kekahoa6c6'
    '_frontendCSRF' => '724cde5ae595a350a96c70095b4e5891b66e47d1729a6fc0ee27d3f6b91fd6c0a:2:{i:0;s:13:\"_frontendCSRF\";i:1;s:32:\"6k4iXp0kQrXQNPpobIWjbccohK6M2toQ\";}'
    '_csrf-backend' => '054d412676d648decb8d740d8492b934f8aef83fb2c4b33509789a29b263b459a:2:{i:0;s:13:\"_csrf-backend\";i:1;s:32:\"KASOFCQ9lEX1R-bTWPHyfD1KFt1f62z9\";}'
    'advanced-backend' => 'rvq67mjqgej0ugnm5eeifcdms2'
    '_identity-backend' => '10ac79f6251713b89862d8a6b596485e80d67e06d51a0f12b6e16d21ec7db4aaa:2:{i:0;s:17:\"_identity-backend\";i:1;s:46:\"[1,\"zmvjCiyO9z6QcAVkmSu-M4wzfreyCd2k\",2592000]\";}'
]

$_SESSION = [
    '__flash' => []
    '__id' => 1
]

$_SERVER = [
    'SCRIPT_URL' => '/index.php'
    'SCRIPT_URI' => 'http://intranet.local/index.php'
    'HTTP_HOST' => 'intranet.local'
    'HTTP_CONNECTION' => 'keep-alive'
    'HTTP_ACCEPT' => 'application/json, text/javascript, */*; q=0.01'
    'HTTP_X_CSRF_TOKEN' => 'YVBHR3Z1ak5XO3MuLgVaJTAiHxY4JRohAxkQLRQWCSEJG3EKRAEFHw=='
    'HTTP_USER_AGENT' => 'Mozilla/5.0 (X11; Linux x86_64) AppleWebKit/537.36 (KHTML, like Gecko) Chrome/59.0.3071.115 Safari/537.36'
    'HTTP_X_REQUESTED_WITH' => 'XMLHttpRequest'
    'HTTP_REFERER' => 'http://intranet.local/index.php?r=anniversary%2Fdate'
    'HTTP_ACCEPT_ENCODING' => 'gzip, deflate'
    'HTTP_ACCEPT_LANGUAGE' => 'es-419,es;q=0.8,en;q=0.6'
    'HTTP_COOKIE' => 'PHPFRONTSESSID=p2hvcblb2b90nfm3kekahoa6c6; _frontendCSRF=724cde5ae595a350a96c70095b4e5891b66e47d1729a6fc0ee27d3f6b91fd6c0a%3A2%3A%7Bi%3A0%3Bs%3A13%3A%22_frontendCSRF%22%3Bi%3A1%3Bs%3A32%3A%226k4iXp0kQrXQNPpobIWjbccohK6M2toQ%22%3B%7D; _csrf-backend=054d412676d648decb8d740d8492b934f8aef83fb2c4b33509789a29b263b459a%3A2%3A%7Bi%3A0%3Bs%3A13%3A%22_csrf-backend%22%3Bi%3A1%3Bs%3A32%3A%22KASOFCQ9lEX1R-bTWPHyfD1KFt1f62z9%22%3B%7D; advanced-backend=rvq67mjqgej0ugnm5eeifcdms2; _identity-backend=10ac79f6251713b89862d8a6b596485e80d67e06d51a0f12b6e16d21ec7db4aaa%3A2%3A%7Bi%3A0%3Bs%3A17%3A%22_identity-backend%22%3Bi%3A1%3Bs%3A46%3A%22%5B1%2C%22zmvjCiyO9z6QcAVkmSu-M4wzfreyCd2k%22%2C2592000%5D%22%3B%7D'
    'PATH' => '/usr/local/sbin:/usr/local/bin:/usr/sbin:/usr/bin:/sbin:/bin'
    'SERVER_SIGNATURE' => '<address>Apache/2.4.18 (Ubuntu) Server at intranet.local Port 80</address>
'
    'SERVER_SOFTWARE' => 'Apache/2.4.18 (Ubuntu)'
    'SERVER_NAME' => 'intranet.local'
    'SERVER_ADDR' => '127.0.1.1'
    'SERVER_PORT' => '80'
    'REMOTE_ADDR' => '127.0.0.1'
    'DOCUMENT_ROOT' => '/var/www/intranet/src/web/intranet'
    'REQUEST_SCHEME' => 'http'
    'CONTEXT_PREFIX' => ''
    'CONTEXT_DOCUMENT_ROOT' => '/var/www/intranet/src/web/intranet'
    'SERVER_ADMIN' => '[no address given]'
    'SCRIPT_FILENAME' => '/var/www/intranet/src/web/intranet/frontend/web/index.php'
    'REMOTE_PORT' => '38784'
    'GATEWAY_INTERFACE' => 'CGI/1.1'
    'SERVER_PROTOCOL' => 'HTTP/1.1'
    'REQUEST_METHOD' => 'GET'
    'QUERY_STRING' => 'r=anniversary%2Fjsonanniversary&start=2017-07-31&end=2017-09-11&_=1501018391237'
    'REQUEST_URI' => '/index.php?r=anniversary%2Fjsonanniversary&start=2017-07-31&end=2017-09-11&_=1501018391237'
    'SCRIPT_NAME' => '/index.php'
    'PHP_SELF' => '/index.php'
    'REQUEST_TIME_FLOAT' => 1501018431.669
    'REQUEST_TIME' => 1501018431
]
2017-07-25 21:33:52 [127.0.0.1][1][p2hvcblb2b90nfm3kekahoa6c6][error][Error] Error: Call to a member function getFinicio() on null in /var/www/intranet/src/web/intranet/frontend/controllers/AnniversaryController.php:106
Stack trace:
#0 [internal function]: frontend\controllers\AnniversaryController->actionJsonanniversary()
#1 /var/www/intranet/src/web/intranet/vendor/yiisoft/yii2/base/InlineAction.php(57): call_user_func_array(Array, Array)
#2 /var/www/intranet/src/web/intranet/vendor/yiisoft/yii2/base/Controller.php(156): yii\base\InlineAction->runWithParams(Array)
#3 /var/www/intranet/src/web/intranet/vendor/yiisoft/yii2/base/Module.php(523): yii\base\Controller->runAction('jsonanniversary', Array)
#4 /var/www/intranet/src/web/intranet/vendor/yiisoft/yii2/web/Application.php(102): yii\base\Module->runAction('anniversary/jso...', Array)
#5 /var/www/intranet/src/web/intranet/vendor/yiisoft/yii2/base/Application.php(380): yii\web\Application->handleRequest(Object(yii\web\Request))
#6 /var/www/intranet/src/web/intranet/frontend/web/index.php(17): yii\base\Application->run()
#7 {main}
2017-07-25 21:33:52 [127.0.0.1][1][p2hvcblb2b90nfm3kekahoa6c6][info][application] $_GET = [
    'r' => 'anniversary/jsonanniversary'
    'start' => '2017-08-28'
    'end' => '2017-10-09'
    '_' => '1501018391238'
]

$_COOKIE = [
    'PHPFRONTSESSID' => 'p2hvcblb2b90nfm3kekahoa6c6'
    '_frontendCSRF' => '724cde5ae595a350a96c70095b4e5891b66e47d1729a6fc0ee27d3f6b91fd6c0a:2:{i:0;s:13:\"_frontendCSRF\";i:1;s:32:\"6k4iXp0kQrXQNPpobIWjbccohK6M2toQ\";}'
    '_csrf-backend' => '054d412676d648decb8d740d8492b934f8aef83fb2c4b33509789a29b263b459a:2:{i:0;s:13:\"_csrf-backend\";i:1;s:32:\"KASOFCQ9lEX1R-bTWPHyfD1KFt1f62z9\";}'
    'advanced-backend' => 'rvq67mjqgej0ugnm5eeifcdms2'
    '_identity-backend' => '10ac79f6251713b89862d8a6b596485e80d67e06d51a0f12b6e16d21ec7db4aaa:2:{i:0;s:17:\"_identity-backend\";i:1;s:46:\"[1,\"zmvjCiyO9z6QcAVkmSu-M4wzfreyCd2k\",2592000]\";}'
]

$_SESSION = [
    '__flash' => []
    '__id' => 1
]

$_SERVER = [
    'SCRIPT_URL' => '/index.php'
    'SCRIPT_URI' => 'http://intranet.local/index.php'
    'HTTP_HOST' => 'intranet.local'
    'HTTP_CONNECTION' => 'keep-alive'
    'HTTP_ACCEPT' => 'application/json, text/javascript, */*; q=0.01'
    'HTTP_X_CSRF_TOKEN' => 'YVBHR3Z1ak5XO3MuLgVaJTAiHxY4JRohAxkQLRQWCSEJG3EKRAEFHw=='
    'HTTP_USER_AGENT' => 'Mozilla/5.0 (X11; Linux x86_64) AppleWebKit/537.36 (KHTML, like Gecko) Chrome/59.0.3071.115 Safari/537.36'
    'HTTP_X_REQUESTED_WITH' => 'XMLHttpRequest'
    'HTTP_REFERER' => 'http://intranet.local/index.php?r=anniversary%2Fdate'
    'HTTP_ACCEPT_ENCODING' => 'gzip, deflate'
    'HTTP_ACCEPT_LANGUAGE' => 'es-419,es;q=0.8,en;q=0.6'
    'HTTP_COOKIE' => 'PHPFRONTSESSID=p2hvcblb2b90nfm3kekahoa6c6; _frontendCSRF=724cde5ae595a350a96c70095b4e5891b66e47d1729a6fc0ee27d3f6b91fd6c0a%3A2%3A%7Bi%3A0%3Bs%3A13%3A%22_frontendCSRF%22%3Bi%3A1%3Bs%3A32%3A%226k4iXp0kQrXQNPpobIWjbccohK6M2toQ%22%3B%7D; _csrf-backend=054d412676d648decb8d740d8492b934f8aef83fb2c4b33509789a29b263b459a%3A2%3A%7Bi%3A0%3Bs%3A13%3A%22_csrf-backend%22%3Bi%3A1%3Bs%3A32%3A%22KASOFCQ9lEX1R-bTWPHyfD1KFt1f62z9%22%3B%7D; advanced-backend=rvq67mjqgej0ugnm5eeifcdms2; _identity-backend=10ac79f6251713b89862d8a6b596485e80d67e06d51a0f12b6e16d21ec7db4aaa%3A2%3A%7Bi%3A0%3Bs%3A17%3A%22_identity-backend%22%3Bi%3A1%3Bs%3A46%3A%22%5B1%2C%22zmvjCiyO9z6QcAVkmSu-M4wzfreyCd2k%22%2C2592000%5D%22%3B%7D'
    'PATH' => '/usr/local/sbin:/usr/local/bin:/usr/sbin:/usr/bin:/sbin:/bin'
    'SERVER_SIGNATURE' => '<address>Apache/2.4.18 (Ubuntu) Server at intranet.local Port 80</address>
'
    'SERVER_SOFTWARE' => 'Apache/2.4.18 (Ubuntu)'
    'SERVER_NAME' => 'intranet.local'
    'SERVER_ADDR' => '127.0.1.1'
    'SERVER_PORT' => '80'
    'REMOTE_ADDR' => '127.0.0.1'
    'DOCUMENT_ROOT' => '/var/www/intranet/src/web/intranet'
    'REQUEST_SCHEME' => 'http'
    'CONTEXT_PREFIX' => ''
    'CONTEXT_DOCUMENT_ROOT' => '/var/www/intranet/src/web/intranet'
    'SERVER_ADMIN' => '[no address given]'
    'SCRIPT_FILENAME' => '/var/www/intranet/src/web/intranet/frontend/web/index.php'
    'REMOTE_PORT' => '38788'
    'GATEWAY_INTERFACE' => 'CGI/1.1'
    'SERVER_PROTOCOL' => 'HTTP/1.1'
    'REQUEST_METHOD' => 'GET'
    'QUERY_STRING' => 'r=anniversary%2Fjsonanniversary&start=2017-08-28&end=2017-10-09&_=1501018391238'
    'REQUEST_URI' => '/index.php?r=anniversary%2Fjsonanniversary&start=2017-08-28&end=2017-10-09&_=1501018391238'
    'SCRIPT_NAME' => '/index.php'
    'PHP_SELF' => '/index.php'
    'REQUEST_TIME_FLOAT' => 1501018432.374
    'REQUEST_TIME' => 1501018432
]
2017-07-25 21:33:52 [127.0.0.1][1][p2hvcblb2b90nfm3kekahoa6c6][error][Error] Error: Call to a member function getFinicio() on null in /var/www/intranet/src/web/intranet/frontend/controllers/AnniversaryController.php:106
Stack trace:
#0 [internal function]: frontend\controllers\AnniversaryController->actionJsonanniversary()
#1 /var/www/intranet/src/web/intranet/vendor/yiisoft/yii2/base/InlineAction.php(57): call_user_func_array(Array, Array)
#2 /var/www/intranet/src/web/intranet/vendor/yiisoft/yii2/base/Controller.php(156): yii\base\InlineAction->runWithParams(Array)
#3 /var/www/intranet/src/web/intranet/vendor/yiisoft/yii2/base/Module.php(523): yii\base\Controller->runAction('jsonanniversary', Array)
#4 /var/www/intranet/src/web/intranet/vendor/yiisoft/yii2/web/Application.php(102): yii\base\Module->runAction('anniversary/jso...', Array)
#5 /var/www/intranet/src/web/intranet/vendor/yiisoft/yii2/base/Application.php(380): yii\web\Application->handleRequest(Object(yii\web\Request))
#6 /var/www/intranet/src/web/intranet/frontend/web/index.php(17): yii\base\Application->run()
#7 {main}
2017-07-25 21:33:52 [127.0.0.1][1][p2hvcblb2b90nfm3kekahoa6c6][info][application] $_GET = [
    'r' => 'anniversary/jsonanniversary'
    'start' => '2017-09-25'
    'end' => '2017-11-06'
    '_' => '1501018391239'
]

$_COOKIE = [
    'PHPFRONTSESSID' => 'p2hvcblb2b90nfm3kekahoa6c6'
    '_frontendCSRF' => '724cde5ae595a350a96c70095b4e5891b66e47d1729a6fc0ee27d3f6b91fd6c0a:2:{i:0;s:13:\"_frontendCSRF\";i:1;s:32:\"6k4iXp0kQrXQNPpobIWjbccohK6M2toQ\";}'
    '_csrf-backend' => '054d412676d648decb8d740d8492b934f8aef83fb2c4b33509789a29b263b459a:2:{i:0;s:13:\"_csrf-backend\";i:1;s:32:\"KASOFCQ9lEX1R-bTWPHyfD1KFt1f62z9\";}'
    'advanced-backend' => 'rvq67mjqgej0ugnm5eeifcdms2'
    '_identity-backend' => '10ac79f6251713b89862d8a6b596485e80d67e06d51a0f12b6e16d21ec7db4aaa:2:{i:0;s:17:\"_identity-backend\";i:1;s:46:\"[1,\"zmvjCiyO9z6QcAVkmSu-M4wzfreyCd2k\",2592000]\";}'
]

$_SESSION = [
    '__flash' => []
    '__id' => 1
]

$_SERVER = [
    'SCRIPT_URL' => '/index.php'
    'SCRIPT_URI' => 'http://intranet.local/index.php'
    'HTTP_HOST' => 'intranet.local'
    'HTTP_CONNECTION' => 'keep-alive'
    'HTTP_ACCEPT' => 'application/json, text/javascript, */*; q=0.01'
    'HTTP_X_CSRF_TOKEN' => 'YVBHR3Z1ak5XO3MuLgVaJTAiHxY4JRohAxkQLRQWCSEJG3EKRAEFHw=='
    'HTTP_USER_AGENT' => 'Mozilla/5.0 (X11; Linux x86_64) AppleWebKit/537.36 (KHTML, like Gecko) Chrome/59.0.3071.115 Safari/537.36'
    'HTTP_X_REQUESTED_WITH' => 'XMLHttpRequest'
    'HTTP_REFERER' => 'http://intranet.local/index.php?r=anniversary%2Fdate'
    'HTTP_ACCEPT_ENCODING' => 'gzip, deflate'
    'HTTP_ACCEPT_LANGUAGE' => 'es-419,es;q=0.8,en;q=0.6'
    'HTTP_COOKIE' => 'PHPFRONTSESSID=p2hvcblb2b90nfm3kekahoa6c6; _frontendCSRF=724cde5ae595a350a96c70095b4e5891b66e47d1729a6fc0ee27d3f6b91fd6c0a%3A2%3A%7Bi%3A0%3Bs%3A13%3A%22_frontendCSRF%22%3Bi%3A1%3Bs%3A32%3A%226k4iXp0kQrXQNPpobIWjbccohK6M2toQ%22%3B%7D; _csrf-backend=054d412676d648decb8d740d8492b934f8aef83fb2c4b33509789a29b263b459a%3A2%3A%7Bi%3A0%3Bs%3A13%3A%22_csrf-backend%22%3Bi%3A1%3Bs%3A32%3A%22KASOFCQ9lEX1R-bTWPHyfD1KFt1f62z9%22%3B%7D; advanced-backend=rvq67mjqgej0ugnm5eeifcdms2; _identity-backend=10ac79f6251713b89862d8a6b596485e80d67e06d51a0f12b6e16d21ec7db4aaa%3A2%3A%7Bi%3A0%3Bs%3A17%3A%22_identity-backend%22%3Bi%3A1%3Bs%3A46%3A%22%5B1%2C%22zmvjCiyO9z6QcAVkmSu-M4wzfreyCd2k%22%2C2592000%5D%22%3B%7D'
    'PATH' => '/usr/local/sbin:/usr/local/bin:/usr/sbin:/usr/bin:/sbin:/bin'
    'SERVER_SIGNATURE' => '<address>Apache/2.4.18 (Ubuntu) Server at intranet.local Port 80</address>
'
    'SERVER_SOFTWARE' => 'Apache/2.4.18 (Ubuntu)'
    'SERVER_NAME' => 'intranet.local'
    'SERVER_ADDR' => '127.0.1.1'
    'SERVER_PORT' => '80'
    'REMOTE_ADDR' => '127.0.0.1'
    'DOCUMENT_ROOT' => '/var/www/intranet/src/web/intranet'
    'REQUEST_SCHEME' => 'http'
    'CONTEXT_PREFIX' => ''
    'CONTEXT_DOCUMENT_ROOT' => '/var/www/intranet/src/web/intranet'
    'SERVER_ADMIN' => '[no address given]'
    'SCRIPT_FILENAME' => '/var/www/intranet/src/web/intranet/frontend/web/index.php'
    'REMOTE_PORT' => '38792'
    'GATEWAY_INTERFACE' => 'CGI/1.1'
    'SERVER_PROTOCOL' => 'HTTP/1.1'
    'REQUEST_METHOD' => 'GET'
    'QUERY_STRING' => 'r=anniversary%2Fjsonanniversary&start=2017-09-25&end=2017-11-06&_=1501018391239'
    'REQUEST_URI' => '/index.php?r=anniversary%2Fjsonanniversary&start=2017-09-25&end=2017-11-06&_=1501018391239'
    'SCRIPT_NAME' => '/index.php'
    'PHP_SELF' => '/index.php'
    'REQUEST_TIME_FLOAT' => 1501018432.82
    'REQUEST_TIME' => 1501018432
]
2017-07-25 21:33:53 [127.0.0.1][1][p2hvcblb2b90nfm3kekahoa6c6][error][Error] Error: Call to a member function getFinicio() on null in /var/www/intranet/src/web/intranet/frontend/controllers/AnniversaryController.php:106
Stack trace:
#0 [internal function]: frontend\controllers\AnniversaryController->actionJsonanniversary()
#1 /var/www/intranet/src/web/intranet/vendor/yiisoft/yii2/base/InlineAction.php(57): call_user_func_array(Array, Array)
#2 /var/www/intranet/src/web/intranet/vendor/yiisoft/yii2/base/Controller.php(156): yii\base\InlineAction->runWithParams(Array)
#3 /var/www/intranet/src/web/intranet/vendor/yiisoft/yii2/base/Module.php(523): yii\base\Controller->runAction('jsonanniversary', Array)
#4 /var/www/intranet/src/web/intranet/vendor/yiisoft/yii2/web/Application.php(102): yii\base\Module->runAction('anniversary/jso...', Array)
#5 /var/www/intranet/src/web/intranet/vendor/yiisoft/yii2/base/Application.php(380): yii\web\Application->handleRequest(Object(yii\web\Request))
#6 /var/www/intranet/src/web/intranet/frontend/web/index.php(17): yii\base\Application->run()
#7 {main}
2017-07-25 21:33:53 [127.0.0.1][1][p2hvcblb2b90nfm3kekahoa6c6][info][application] $_GET = [
    'r' => 'anniversary/jsonanniversary'
    'start' => '2017-10-30'
    'end' => '2017-12-11'
    '_' => '1501018391240'
]

$_COOKIE = [
    'PHPFRONTSESSID' => 'p2hvcblb2b90nfm3kekahoa6c6'
    '_frontendCSRF' => '724cde5ae595a350a96c70095b4e5891b66e47d1729a6fc0ee27d3f6b91fd6c0a:2:{i:0;s:13:\"_frontendCSRF\";i:1;s:32:\"6k4iXp0kQrXQNPpobIWjbccohK6M2toQ\";}'
    '_csrf-backend' => '054d412676d648decb8d740d8492b934f8aef83fb2c4b33509789a29b263b459a:2:{i:0;s:13:\"_csrf-backend\";i:1;s:32:\"KASOFCQ9lEX1R-bTWPHyfD1KFt1f62z9\";}'
    'advanced-backend' => 'rvq67mjqgej0ugnm5eeifcdms2'
    '_identity-backend' => '10ac79f6251713b89862d8a6b596485e80d67e06d51a0f12b6e16d21ec7db4aaa:2:{i:0;s:17:\"_identity-backend\";i:1;s:46:\"[1,\"zmvjCiyO9z6QcAVkmSu-M4wzfreyCd2k\",2592000]\";}'
]

$_SESSION = [
    '__flash' => []
    '__id' => 1
]

$_SERVER = [
    'SCRIPT_URL' => '/index.php'
    'SCRIPT_URI' => 'http://intranet.local/index.php'
    'HTTP_HOST' => 'intranet.local'
    'HTTP_CONNECTION' => 'keep-alive'
    'HTTP_ACCEPT' => 'application/json, text/javascript, */*; q=0.01'
    'HTTP_X_CSRF_TOKEN' => 'YVBHR3Z1ak5XO3MuLgVaJTAiHxY4JRohAxkQLRQWCSEJG3EKRAEFHw=='
    'HTTP_USER_AGENT' => 'Mozilla/5.0 (X11; Linux x86_64) AppleWebKit/537.36 (KHTML, like Gecko) Chrome/59.0.3071.115 Safari/537.36'
    'HTTP_X_REQUESTED_WITH' => 'XMLHttpRequest'
    'HTTP_REFERER' => 'http://intranet.local/index.php?r=anniversary%2Fdate'
    'HTTP_ACCEPT_ENCODING' => 'gzip, deflate'
    'HTTP_ACCEPT_LANGUAGE' => 'es-419,es;q=0.8,en;q=0.6'
    'HTTP_COOKIE' => 'PHPFRONTSESSID=p2hvcblb2b90nfm3kekahoa6c6; _frontendCSRF=724cde5ae595a350a96c70095b4e5891b66e47d1729a6fc0ee27d3f6b91fd6c0a%3A2%3A%7Bi%3A0%3Bs%3A13%3A%22_frontendCSRF%22%3Bi%3A1%3Bs%3A32%3A%226k4iXp0kQrXQNPpobIWjbccohK6M2toQ%22%3B%7D; _csrf-backend=054d412676d648decb8d740d8492b934f8aef83fb2c4b33509789a29b263b459a%3A2%3A%7Bi%3A0%3Bs%3A13%3A%22_csrf-backend%22%3Bi%3A1%3Bs%3A32%3A%22KASOFCQ9lEX1R-bTWPHyfD1KFt1f62z9%22%3B%7D; advanced-backend=rvq67mjqgej0ugnm5eeifcdms2; _identity-backend=10ac79f6251713b89862d8a6b596485e80d67e06d51a0f12b6e16d21ec7db4aaa%3A2%3A%7Bi%3A0%3Bs%3A17%3A%22_identity-backend%22%3Bi%3A1%3Bs%3A46%3A%22%5B1%2C%22zmvjCiyO9z6QcAVkmSu-M4wzfreyCd2k%22%2C2592000%5D%22%3B%7D'
    'PATH' => '/usr/local/sbin:/usr/local/bin:/usr/sbin:/usr/bin:/sbin:/bin'
    'SERVER_SIGNATURE' => '<address>Apache/2.4.18 (Ubuntu) Server at intranet.local Port 80</address>
'
    'SERVER_SOFTWARE' => 'Apache/2.4.18 (Ubuntu)'
    'SERVER_NAME' => 'intranet.local'
    'SERVER_ADDR' => '127.0.1.1'
    'SERVER_PORT' => '80'
    'REMOTE_ADDR' => '127.0.0.1'
    'DOCUMENT_ROOT' => '/var/www/intranet/src/web/intranet'
    'REQUEST_SCHEME' => 'http'
    'CONTEXT_PREFIX' => ''
    'CONTEXT_DOCUMENT_ROOT' => '/var/www/intranet/src/web/intranet'
    'SERVER_ADMIN' => '[no address given]'
    'SCRIPT_FILENAME' => '/var/www/intranet/src/web/intranet/frontend/web/index.php'
    'REMOTE_PORT' => '38796'
    'GATEWAY_INTERFACE' => 'CGI/1.1'
    'SERVER_PROTOCOL' => 'HTTP/1.1'
    'REQUEST_METHOD' => 'GET'
    'QUERY_STRING' => 'r=anniversary%2Fjsonanniversary&start=2017-10-30&end=2017-12-11&_=1501018391240'
    'REQUEST_URI' => '/index.php?r=anniversary%2Fjsonanniversary&start=2017-10-30&end=2017-12-11&_=1501018391240'
    'SCRIPT_NAME' => '/index.php'
    'PHP_SELF' => '/index.php'
    'REQUEST_TIME_FLOAT' => 1501018433.508
    'REQUEST_TIME' => 1501018433
]
2017-07-25 21:33:53 [127.0.0.1][1][p2hvcblb2b90nfm3kekahoa6c6][error][Error] Error: Call to a member function getFinicio() on null in /var/www/intranet/src/web/intranet/frontend/controllers/AnniversaryController.php:106
Stack trace:
#0 [internal function]: frontend\controllers\AnniversaryController->actionJsonanniversary()
#1 /var/www/intranet/src/web/intranet/vendor/yiisoft/yii2/base/InlineAction.php(57): call_user_func_array(Array, Array)
#2 /var/www/intranet/src/web/intranet/vendor/yiisoft/yii2/base/Controller.php(156): yii\base\InlineAction->runWithParams(Array)
#3 /var/www/intranet/src/web/intranet/vendor/yiisoft/yii2/base/Module.php(523): yii\base\Controller->runAction('jsonanniversary', Array)
#4 /var/www/intranet/src/web/intranet/vendor/yiisoft/yii2/web/Application.php(102): yii\base\Module->runAction('anniversary/jso...', Array)
#5 /var/www/intranet/src/web/intranet/vendor/yiisoft/yii2/base/Application.php(380): yii\web\Application->handleRequest(Object(yii\web\Request))
#6 /var/www/intranet/src/web/intranet/frontend/web/index.php(17): yii\base\Application->run()
#7 {main}
2017-07-25 21:33:53 [127.0.0.1][1][p2hvcblb2b90nfm3kekahoa6c6][info][application] $_GET = [
    'r' => 'anniversary/jsonanniversary'
    'start' => '2017-11-27'
    'end' => '2017-12-31'
    '_' => '1501018391241'
]

$_COOKIE = [
    'PHPFRONTSESSID' => 'p2hvcblb2b90nfm3kekahoa6c6'
    '_frontendCSRF' => '724cde5ae595a350a96c70095b4e5891b66e47d1729a6fc0ee27d3f6b91fd6c0a:2:{i:0;s:13:\"_frontendCSRF\";i:1;s:32:\"6k4iXp0kQrXQNPpobIWjbccohK6M2toQ\";}'
    '_csrf-backend' => '054d412676d648decb8d740d8492b934f8aef83fb2c4b33509789a29b263b459a:2:{i:0;s:13:\"_csrf-backend\";i:1;s:32:\"KASOFCQ9lEX1R-bTWPHyfD1KFt1f62z9\";}'
    'advanced-backend' => 'rvq67mjqgej0ugnm5eeifcdms2'
    '_identity-backend' => '10ac79f6251713b89862d8a6b596485e80d67e06d51a0f12b6e16d21ec7db4aaa:2:{i:0;s:17:\"_identity-backend\";i:1;s:46:\"[1,\"zmvjCiyO9z6QcAVkmSu-M4wzfreyCd2k\",2592000]\";}'
]

$_SESSION = [
    '__flash' => []
    '__id' => 1
]

$_SERVER = [
    'SCRIPT_URL' => '/index.php'
    'SCRIPT_URI' => 'http://intranet.local/index.php'
    'HTTP_HOST' => 'intranet.local'
    'HTTP_CONNECTION' => 'keep-alive'
    'HTTP_ACCEPT' => 'application/json, text/javascript, */*; q=0.01'
    'HTTP_X_CSRF_TOKEN' => 'YVBHR3Z1ak5XO3MuLgVaJTAiHxY4JRohAxkQLRQWCSEJG3EKRAEFHw=='
    'HTTP_USER_AGENT' => 'Mozilla/5.0 (X11; Linux x86_64) AppleWebKit/537.36 (KHTML, like Gecko) Chrome/59.0.3071.115 Safari/537.36'
    'HTTP_X_REQUESTED_WITH' => 'XMLHttpRequest'
    'HTTP_REFERER' => 'http://intranet.local/index.php?r=anniversary%2Fdate'
    'HTTP_ACCEPT_ENCODING' => 'gzip, deflate'
    'HTTP_ACCEPT_LANGUAGE' => 'es-419,es;q=0.8,en;q=0.6'
    'HTTP_COOKIE' => 'PHPFRONTSESSID=p2hvcblb2b90nfm3kekahoa6c6; _frontendCSRF=724cde5ae595a350a96c70095b4e5891b66e47d1729a6fc0ee27d3f6b91fd6c0a%3A2%3A%7Bi%3A0%3Bs%3A13%3A%22_frontendCSRF%22%3Bi%3A1%3Bs%3A32%3A%226k4iXp0kQrXQNPpobIWjbccohK6M2toQ%22%3B%7D; _csrf-backend=054d412676d648decb8d740d8492b934f8aef83fb2c4b33509789a29b263b459a%3A2%3A%7Bi%3A0%3Bs%3A13%3A%22_csrf-backend%22%3Bi%3A1%3Bs%3A32%3A%22KASOFCQ9lEX1R-bTWPHyfD1KFt1f62z9%22%3B%7D; advanced-backend=rvq67mjqgej0ugnm5eeifcdms2; _identity-backend=10ac79f6251713b89862d8a6b596485e80d67e06d51a0f12b6e16d21ec7db4aaa%3A2%3A%7Bi%3A0%3Bs%3A17%3A%22_identity-backend%22%3Bi%3A1%3Bs%3A46%3A%22%5B1%2C%22zmvjCiyO9z6QcAVkmSu-M4wzfreyCd2k%22%2C2592000%5D%22%3B%7D'
    'PATH' => '/usr/local/sbin:/usr/local/bin:/usr/sbin:/usr/bin:/sbin:/bin'
    'SERVER_SIGNATURE' => '<address>Apache/2.4.18 (Ubuntu) Server at intranet.local Port 80</address>
'
    'SERVER_SOFTWARE' => 'Apache/2.4.18 (Ubuntu)'
    'SERVER_NAME' => 'intranet.local'
    'SERVER_ADDR' => '127.0.1.1'
    'SERVER_PORT' => '80'
    'REMOTE_ADDR' => '127.0.0.1'
    'DOCUMENT_ROOT' => '/var/www/intranet/src/web/intranet'
    'REQUEST_SCHEME' => 'http'
    'CONTEXT_PREFIX' => ''
    'CONTEXT_DOCUMENT_ROOT' => '/var/www/intranet/src/web/intranet'
    'SERVER_ADMIN' => '[no address given]'
    'SCRIPT_FILENAME' => '/var/www/intranet/src/web/intranet/frontend/web/index.php'
    'REMOTE_PORT' => '38800'
    'GATEWAY_INTERFACE' => 'CGI/1.1'
    'SERVER_PROTOCOL' => 'HTTP/1.1'
    'REQUEST_METHOD' => 'GET'
    'QUERY_STRING' => 'r=anniversary%2Fjsonanniversary&start=2017-11-27&end=2017-12-31&_=1501018391241'
    'REQUEST_URI' => '/index.php?r=anniversary%2Fjsonanniversary&start=2017-11-27&end=2017-12-31&_=1501018391241'
    'SCRIPT_NAME' => '/index.php'
    'PHP_SELF' => '/index.php'
    'REQUEST_TIME_FLOAT' => 1501018433.789
    'REQUEST_TIME' => 1501018433
]
2017-07-25 21:33:55 [127.0.0.1][1][p2hvcblb2b90nfm3kekahoa6c6][error][Error] Error: Call to a member function getFinicio() on null in /var/www/intranet/src/web/intranet/frontend/controllers/AnniversaryController.php:106
Stack trace:
#0 [internal function]: frontend\controllers\AnniversaryController->actionJsonanniversary()
#1 /var/www/intranet/src/web/intranet/vendor/yiisoft/yii2/base/InlineAction.php(57): call_user_func_array(Array, Array)
#2 /var/www/intranet/src/web/intranet/vendor/yiisoft/yii2/base/Controller.php(156): yii\base\InlineAction->runWithParams(Array)
#3 /var/www/intranet/src/web/intranet/vendor/yiisoft/yii2/base/Module.php(523): yii\base\Controller->runAction('jsonanniversary', Array)
#4 /var/www/intranet/src/web/intranet/vendor/yiisoft/yii2/web/Application.php(102): yii\base\Module->runAction('anniversary/jso...', Array)
#5 /var/www/intranet/src/web/intranet/vendor/yiisoft/yii2/base/Application.php(380): yii\web\Application->handleRequest(Object(yii\web\Request))
#6 /var/www/intranet/src/web/intranet/frontend/web/index.php(17): yii\base\Application->run()
#7 {main}
2017-07-25 21:33:55 [127.0.0.1][1][p2hvcblb2b90nfm3kekahoa6c6][info][application] $_GET = [
    'r' => 'anniversary/jsonanniversary'
    'start' => '2017-10-30'
    'end' => '2017-12-11'
    '_' => '1501018391242'
]

$_COOKIE = [
    'PHPFRONTSESSID' => 'p2hvcblb2b90nfm3kekahoa6c6'
    '_frontendCSRF' => '724cde5ae595a350a96c70095b4e5891b66e47d1729a6fc0ee27d3f6b91fd6c0a:2:{i:0;s:13:\"_frontendCSRF\";i:1;s:32:\"6k4iXp0kQrXQNPpobIWjbccohK6M2toQ\";}'
    '_csrf-backend' => '054d412676d648decb8d740d8492b934f8aef83fb2c4b33509789a29b263b459a:2:{i:0;s:13:\"_csrf-backend\";i:1;s:32:\"KASOFCQ9lEX1R-bTWPHyfD1KFt1f62z9\";}'
    'advanced-backend' => 'rvq67mjqgej0ugnm5eeifcdms2'
    '_identity-backend' => '10ac79f6251713b89862d8a6b596485e80d67e06d51a0f12b6e16d21ec7db4aaa:2:{i:0;s:17:\"_identity-backend\";i:1;s:46:\"[1,\"zmvjCiyO9z6QcAVkmSu-M4wzfreyCd2k\",2592000]\";}'
]

$_SESSION = [
    '__flash' => []
    '__id' => 1
]

$_SERVER = [
    'SCRIPT_URL' => '/index.php'
    'SCRIPT_URI' => 'http://intranet.local/index.php'
    'HTTP_HOST' => 'intranet.local'
    'HTTP_CONNECTION' => 'keep-alive'
    'HTTP_ACCEPT' => 'application/json, text/javascript, */*; q=0.01'
    'HTTP_X_CSRF_TOKEN' => 'YVBHR3Z1ak5XO3MuLgVaJTAiHxY4JRohAxkQLRQWCSEJG3EKRAEFHw=='
    'HTTP_USER_AGENT' => 'Mozilla/5.0 (X11; Linux x86_64) AppleWebKit/537.36 (KHTML, like Gecko) Chrome/59.0.3071.115 Safari/537.36'
    'HTTP_X_REQUESTED_WITH' => 'XMLHttpRequest'
    'HTTP_REFERER' => 'http://intranet.local/index.php?r=anniversary%2Fdate'
    'HTTP_ACCEPT_ENCODING' => 'gzip, deflate'
    'HTTP_ACCEPT_LANGUAGE' => 'es-419,es;q=0.8,en;q=0.6'
    'HTTP_COOKIE' => 'PHPFRONTSESSID=p2hvcblb2b90nfm3kekahoa6c6; _frontendCSRF=724cde5ae595a350a96c70095b4e5891b66e47d1729a6fc0ee27d3f6b91fd6c0a%3A2%3A%7Bi%3A0%3Bs%3A13%3A%22_frontendCSRF%22%3Bi%3A1%3Bs%3A32%3A%226k4iXp0kQrXQNPpobIWjbccohK6M2toQ%22%3B%7D; _csrf-backend=054d412676d648decb8d740d8492b934f8aef83fb2c4b33509789a29b263b459a%3A2%3A%7Bi%3A0%3Bs%3A13%3A%22_csrf-backend%22%3Bi%3A1%3Bs%3A32%3A%22KASOFCQ9lEX1R-bTWPHyfD1KFt1f62z9%22%3B%7D; advanced-backend=rvq67mjqgej0ugnm5eeifcdms2; _identity-backend=10ac79f6251713b89862d8a6b596485e80d67e06d51a0f12b6e16d21ec7db4aaa%3A2%3A%7Bi%3A0%3Bs%3A17%3A%22_identity-backend%22%3Bi%3A1%3Bs%3A46%3A%22%5B1%2C%22zmvjCiyO9z6QcAVkmSu-M4wzfreyCd2k%22%2C2592000%5D%22%3B%7D'
    'PATH' => '/usr/local/sbin:/usr/local/bin:/usr/sbin:/usr/bin:/sbin:/bin'
    'SERVER_SIGNATURE' => '<address>Apache/2.4.18 (Ubuntu) Server at intranet.local Port 80</address>
'
    'SERVER_SOFTWARE' => 'Apache/2.4.18 (Ubuntu)'
    'SERVER_NAME' => 'intranet.local'
    'SERVER_ADDR' => '127.0.1.1'
    'SERVER_PORT' => '80'
    'REMOTE_ADDR' => '127.0.0.1'
    'DOCUMENT_ROOT' => '/var/www/intranet/src/web/intranet'
    'REQUEST_SCHEME' => 'http'
    'CONTEXT_PREFIX' => ''
    'CONTEXT_DOCUMENT_ROOT' => '/var/www/intranet/src/web/intranet'
    'SERVER_ADMIN' => '[no address given]'
    'SCRIPT_FILENAME' => '/var/www/intranet/src/web/intranet/frontend/web/index.php'
    'REMOTE_PORT' => '38804'
    'GATEWAY_INTERFACE' => 'CGI/1.1'
    'SERVER_PROTOCOL' => 'HTTP/1.1'
    'REQUEST_METHOD' => 'GET'
    'QUERY_STRING' => 'r=anniversary%2Fjsonanniversary&start=2017-10-30&end=2017-12-11&_=1501018391242'
    'REQUEST_URI' => '/index.php?r=anniversary%2Fjsonanniversary&start=2017-10-30&end=2017-12-11&_=1501018391242'
    'SCRIPT_NAME' => '/index.php'
    'PHP_SELF' => '/index.php'
    'REQUEST_TIME_FLOAT' => 1501018435.11
    'REQUEST_TIME' => 1501018435
]
2017-07-25 21:33:55 [127.0.0.1][1][p2hvcblb2b90nfm3kekahoa6c6][error][Error] Error: Call to a member function getFinicio() on null in /var/www/intranet/src/web/intranet/frontend/controllers/AnniversaryController.php:106
Stack trace:
#0 [internal function]: frontend\controllers\AnniversaryController->actionJsonanniversary()
#1 /var/www/intranet/src/web/intranet/vendor/yiisoft/yii2/base/InlineAction.php(57): call_user_func_array(Array, Array)
#2 /var/www/intranet/src/web/intranet/vendor/yiisoft/yii2/base/Controller.php(156): yii\base\InlineAction->runWithParams(Array)
#3 /var/www/intranet/src/web/intranet/vendor/yiisoft/yii2/base/Module.php(523): yii\base\Controller->runAction('jsonanniversary', Array)
#4 /var/www/intranet/src/web/intranet/vendor/yiisoft/yii2/web/Application.php(102): yii\base\Module->runAction('anniversary/jso...', Array)
#5 /var/www/intranet/src/web/intranet/vendor/yiisoft/yii2/base/Application.php(380): yii\web\Application->handleRequest(Object(yii\web\Request))
#6 /var/www/intranet/src/web/intranet/frontend/web/index.php(17): yii\base\Application->run()
#7 {main}
2017-07-25 21:33:55 [127.0.0.1][1][p2hvcblb2b90nfm3kekahoa6c6][info][application] $_GET = [
    'r' => 'anniversary/jsonanniversary'
    'start' => '2017-09-25'
    'end' => '2017-11-06'
    '_' => '1501018391243'
]

$_COOKIE = [
    'PHPFRONTSESSID' => 'p2hvcblb2b90nfm3kekahoa6c6'
    '_frontendCSRF' => '724cde5ae595a350a96c70095b4e5891b66e47d1729a6fc0ee27d3f6b91fd6c0a:2:{i:0;s:13:\"_frontendCSRF\";i:1;s:32:\"6k4iXp0kQrXQNPpobIWjbccohK6M2toQ\";}'
    '_csrf-backend' => '054d412676d648decb8d740d8492b934f8aef83fb2c4b33509789a29b263b459a:2:{i:0;s:13:\"_csrf-backend\";i:1;s:32:\"KASOFCQ9lEX1R-bTWPHyfD1KFt1f62z9\";}'
    'advanced-backend' => 'rvq67mjqgej0ugnm5eeifcdms2'
    '_identity-backend' => '10ac79f6251713b89862d8a6b596485e80d67e06d51a0f12b6e16d21ec7db4aaa:2:{i:0;s:17:\"_identity-backend\";i:1;s:46:\"[1,\"zmvjCiyO9z6QcAVkmSu-M4wzfreyCd2k\",2592000]\";}'
]

$_SESSION = [
    '__flash' => []
    '__id' => 1
]

$_SERVER = [
    'SCRIPT_URL' => '/index.php'
    'SCRIPT_URI' => 'http://intranet.local/index.php'
    'HTTP_HOST' => 'intranet.local'
    'HTTP_CONNECTION' => 'keep-alive'
    'HTTP_ACCEPT' => 'application/json, text/javascript, */*; q=0.01'
    'HTTP_X_CSRF_TOKEN' => 'YVBHR3Z1ak5XO3MuLgVaJTAiHxY4JRohAxkQLRQWCSEJG3EKRAEFHw=='
    'HTTP_USER_AGENT' => 'Mozilla/5.0 (X11; Linux x86_64) AppleWebKit/537.36 (KHTML, like Gecko) Chrome/59.0.3071.115 Safari/537.36'
    'HTTP_X_REQUESTED_WITH' => 'XMLHttpRequest'
    'HTTP_REFERER' => 'http://intranet.local/index.php?r=anniversary%2Fdate'
    'HTTP_ACCEPT_ENCODING' => 'gzip, deflate'
    'HTTP_ACCEPT_LANGUAGE' => 'es-419,es;q=0.8,en;q=0.6'
    'HTTP_COOKIE' => 'PHPFRONTSESSID=p2hvcblb2b90nfm3kekahoa6c6; _frontendCSRF=724cde5ae595a350a96c70095b4e5891b66e47d1729a6fc0ee27d3f6b91fd6c0a%3A2%3A%7Bi%3A0%3Bs%3A13%3A%22_frontendCSRF%22%3Bi%3A1%3Bs%3A32%3A%226k4iXp0kQrXQNPpobIWjbccohK6M2toQ%22%3B%7D; _csrf-backend=054d412676d648decb8d740d8492b934f8aef83fb2c4b33509789a29b263b459a%3A2%3A%7Bi%3A0%3Bs%3A13%3A%22_csrf-backend%22%3Bi%3A1%3Bs%3A32%3A%22KASOFCQ9lEX1R-bTWPHyfD1KFt1f62z9%22%3B%7D; advanced-backend=rvq67mjqgej0ugnm5eeifcdms2; _identity-backend=10ac79f6251713b89862d8a6b596485e80d67e06d51a0f12b6e16d21ec7db4aaa%3A2%3A%7Bi%3A0%3Bs%3A17%3A%22_identity-backend%22%3Bi%3A1%3Bs%3A46%3A%22%5B1%2C%22zmvjCiyO9z6QcAVkmSu-M4wzfreyCd2k%22%2C2592000%5D%22%3B%7D'
    'PATH' => '/usr/local/sbin:/usr/local/bin:/usr/sbin:/usr/bin:/sbin:/bin'
    'SERVER_SIGNATURE' => '<address>Apache/2.4.18 (Ubuntu) Server at intranet.local Port 80</address>
'
    'SERVER_SOFTWARE' => 'Apache/2.4.18 (Ubuntu)'
    'SERVER_NAME' => 'intranet.local'
    'SERVER_ADDR' => '127.0.1.1'
    'SERVER_PORT' => '80'
    'REMOTE_ADDR' => '127.0.0.1'
    'DOCUMENT_ROOT' => '/var/www/intranet/src/web/intranet'
    'REQUEST_SCHEME' => 'http'
    'CONTEXT_PREFIX' => ''
    'CONTEXT_DOCUMENT_ROOT' => '/var/www/intranet/src/web/intranet'
    'SERVER_ADMIN' => '[no address given]'
    'SCRIPT_FILENAME' => '/var/www/intranet/src/web/intranet/frontend/web/index.php'
    'REMOTE_PORT' => '38808'
    'GATEWAY_INTERFACE' => 'CGI/1.1'
    'SERVER_PROTOCOL' => 'HTTP/1.1'
    'REQUEST_METHOD' => 'GET'
    'QUERY_STRING' => 'r=anniversary%2Fjsonanniversary&start=2017-09-25&end=2017-11-06&_=1501018391243'
    'REQUEST_URI' => '/index.php?r=anniversary%2Fjsonanniversary&start=2017-09-25&end=2017-11-06&_=1501018391243'
    'SCRIPT_NAME' => '/index.php'
    'PHP_SELF' => '/index.php'
    'REQUEST_TIME_FLOAT' => 1501018435.35
    'REQUEST_TIME' => 1501018435
]
2017-07-25 21:33:55 [127.0.0.1][1][p2hvcblb2b90nfm3kekahoa6c6][error][Error] Error: Call to a member function getFinicio() on null in /var/www/intranet/src/web/intranet/frontend/controllers/AnniversaryController.php:106
Stack trace:
#0 [internal function]: frontend\controllers\AnniversaryController->actionJsonanniversary()
#1 /var/www/intranet/src/web/intranet/vendor/yiisoft/yii2/base/InlineAction.php(57): call_user_func_array(Array, Array)
#2 /var/www/intranet/src/web/intranet/vendor/yiisoft/yii2/base/Controller.php(156): yii\base\InlineAction->runWithParams(Array)
#3 /var/www/intranet/src/web/intranet/vendor/yiisoft/yii2/base/Module.php(523): yii\base\Controller->runAction('jsonanniversary', Array)
#4 /var/www/intranet/src/web/intranet/vendor/yiisoft/yii2/web/Application.php(102): yii\base\Module->runAction('anniversary/jso...', Array)
#5 /var/www/intranet/src/web/intranet/vendor/yiisoft/yii2/base/Application.php(380): yii\web\Application->handleRequest(Object(yii\web\Request))
#6 /var/www/intranet/src/web/intranet/frontend/web/index.php(17): yii\base\Application->run()
#7 {main}
2017-07-25 21:33:55 [127.0.0.1][1][p2hvcblb2b90nfm3kekahoa6c6][info][application] $_GET = [
    'r' => 'anniversary/jsonanniversary'
    'start' => '2017-08-28'
    'end' => '2017-10-09'
    '_' => '1501018391244'
]

$_COOKIE = [
    'PHPFRONTSESSID' => 'p2hvcblb2b90nfm3kekahoa6c6'
    '_frontendCSRF' => '724cde5ae595a350a96c70095b4e5891b66e47d1729a6fc0ee27d3f6b91fd6c0a:2:{i:0;s:13:\"_frontendCSRF\";i:1;s:32:\"6k4iXp0kQrXQNPpobIWjbccohK6M2toQ\";}'
    '_csrf-backend' => '054d412676d648decb8d740d8492b934f8aef83fb2c4b33509789a29b263b459a:2:{i:0;s:13:\"_csrf-backend\";i:1;s:32:\"KASOFCQ9lEX1R-bTWPHyfD1KFt1f62z9\";}'
    'advanced-backend' => 'rvq67mjqgej0ugnm5eeifcdms2'
    '_identity-backend' => '10ac79f6251713b89862d8a6b596485e80d67e06d51a0f12b6e16d21ec7db4aaa:2:{i:0;s:17:\"_identity-backend\";i:1;s:46:\"[1,\"zmvjCiyO9z6QcAVkmSu-M4wzfreyCd2k\",2592000]\";}'
]

$_SESSION = [
    '__flash' => []
    '__id' => 1
]

$_SERVER = [
    'SCRIPT_URL' => '/index.php'
    'SCRIPT_URI' => 'http://intranet.local/index.php'
    'HTTP_HOST' => 'intranet.local'
    'HTTP_CONNECTION' => 'keep-alive'
    'HTTP_ACCEPT' => 'application/json, text/javascript, */*; q=0.01'
    'HTTP_X_CSRF_TOKEN' => 'YVBHR3Z1ak5XO3MuLgVaJTAiHxY4JRohAxkQLRQWCSEJG3EKRAEFHw=='
    'HTTP_USER_AGENT' => 'Mozilla/5.0 (X11; Linux x86_64) AppleWebKit/537.36 (KHTML, like Gecko) Chrome/59.0.3071.115 Safari/537.36'
    'HTTP_X_REQUESTED_WITH' => 'XMLHttpRequest'
    'HTTP_REFERER' => 'http://intranet.local/index.php?r=anniversary%2Fdate'
    'HTTP_ACCEPT_ENCODING' => 'gzip, deflate'
    'HTTP_ACCEPT_LANGUAGE' => 'es-419,es;q=0.8,en;q=0.6'
    'HTTP_COOKIE' => 'PHPFRONTSESSID=p2hvcblb2b90nfm3kekahoa6c6; _frontendCSRF=724cde5ae595a350a96c70095b4e5891b66e47d1729a6fc0ee27d3f6b91fd6c0a%3A2%3A%7Bi%3A0%3Bs%3A13%3A%22_frontendCSRF%22%3Bi%3A1%3Bs%3A32%3A%226k4iXp0kQrXQNPpobIWjbccohK6M2toQ%22%3B%7D; _csrf-backend=054d412676d648decb8d740d8492b934f8aef83fb2c4b33509789a29b263b459a%3A2%3A%7Bi%3A0%3Bs%3A13%3A%22_csrf-backend%22%3Bi%3A1%3Bs%3A32%3A%22KASOFCQ9lEX1R-bTWPHyfD1KFt1f62z9%22%3B%7D; advanced-backend=rvq67mjqgej0ugnm5eeifcdms2; _identity-backend=10ac79f6251713b89862d8a6b596485e80d67e06d51a0f12b6e16d21ec7db4aaa%3A2%3A%7Bi%3A0%3Bs%3A17%3A%22_identity-backend%22%3Bi%3A1%3Bs%3A46%3A%22%5B1%2C%22zmvjCiyO9z6QcAVkmSu-M4wzfreyCd2k%22%2C2592000%5D%22%3B%7D'
    'PATH' => '/usr/local/sbin:/usr/local/bin:/usr/sbin:/usr/bin:/sbin:/bin'
    'SERVER_SIGNATURE' => '<address>Apache/2.4.18 (Ubuntu) Server at intranet.local Port 80</address>
'
    'SERVER_SOFTWARE' => 'Apache/2.4.18 (Ubuntu)'
    'SERVER_NAME' => 'intranet.local'
    'SERVER_ADDR' => '127.0.1.1'
    'SERVER_PORT' => '80'
    'REMOTE_ADDR' => '127.0.0.1'
    'DOCUMENT_ROOT' => '/var/www/intranet/src/web/intranet'
    'REQUEST_SCHEME' => 'http'
    'CONTEXT_PREFIX' => ''
    'CONTEXT_DOCUMENT_ROOT' => '/var/www/intranet/src/web/intranet'
    'SERVER_ADMIN' => '[no address given]'
    'SCRIPT_FILENAME' => '/var/www/intranet/src/web/intranet/frontend/web/index.php'
    'REMOTE_PORT' => '38812'
    'GATEWAY_INTERFACE' => 'CGI/1.1'
    'SERVER_PROTOCOL' => 'HTTP/1.1'
    'REQUEST_METHOD' => 'GET'
    'QUERY_STRING' => 'r=anniversary%2Fjsonanniversary&start=2017-08-28&end=2017-10-09&_=1501018391244'
    'REQUEST_URI' => '/index.php?r=anniversary%2Fjsonanniversary&start=2017-08-28&end=2017-10-09&_=1501018391244'
    'SCRIPT_NAME' => '/index.php'
    'PHP_SELF' => '/index.php'
    'REQUEST_TIME_FLOAT' => 1501018435.895
    'REQUEST_TIME' => 1501018435
]
2017-07-25 21:34:44 [127.0.0.1][1][p2hvcblb2b90nfm3kekahoa6c6][error][Error] Error: Call to a member function getFinicio() on null in /var/www/intranet/src/web/intranet/frontend/controllers/AnniversaryController.php:106
Stack trace:
#0 [internal function]: frontend\controllers\AnniversaryController->actionJsonanniversary()
#1 /var/www/intranet/src/web/intranet/vendor/yiisoft/yii2/base/InlineAction.php(57): call_user_func_array(Array, Array)
#2 /var/www/intranet/src/web/intranet/vendor/yiisoft/yii2/base/Controller.php(156): yii\base\InlineAction->runWithParams(Array)
#3 /var/www/intranet/src/web/intranet/vendor/yiisoft/yii2/base/Module.php(523): yii\base\Controller->runAction('jsonanniversary', Array)
#4 /var/www/intranet/src/web/intranet/vendor/yiisoft/yii2/web/Application.php(102): yii\base\Module->runAction('anniversary/jso...', Array)
#5 /var/www/intranet/src/web/intranet/vendor/yiisoft/yii2/base/Application.php(380): yii\web\Application->handleRequest(Object(yii\web\Request))
#6 /var/www/intranet/src/web/intranet/frontend/web/index.php(17): yii\base\Application->run()
#7 {main}
2017-07-25 21:34:44 [127.0.0.1][1][p2hvcblb2b90nfm3kekahoa6c6][info][application] $_GET = [
    'r' => 'anniversary/jsonanniversary'
    'start' => '2017-06-26'
    'end' => '2017-08-07'
    '_' => '1501018484482'
]

$_COOKIE = [
    'PHPFRONTSESSID' => 'p2hvcblb2b90nfm3kekahoa6c6'
    '_frontendCSRF' => '724cde5ae595a350a96c70095b4e5891b66e47d1729a6fc0ee27d3f6b91fd6c0a:2:{i:0;s:13:\"_frontendCSRF\";i:1;s:32:\"6k4iXp0kQrXQNPpobIWjbccohK6M2toQ\";}'
    '_csrf-backend' => '054d412676d648decb8d740d8492b934f8aef83fb2c4b33509789a29b263b459a:2:{i:0;s:13:\"_csrf-backend\";i:1;s:32:\"KASOFCQ9lEX1R-bTWPHyfD1KFt1f62z9\";}'
    'advanced-backend' => 'rvq67mjqgej0ugnm5eeifcdms2'
    '_identity-backend' => '10ac79f6251713b89862d8a6b596485e80d67e06d51a0f12b6e16d21ec7db4aaa:2:{i:0;s:17:\"_identity-backend\";i:1;s:46:\"[1,\"zmvjCiyO9z6QcAVkmSu-M4wzfreyCd2k\",2592000]\";}'
]

$_SESSION = [
    '__flash' => []
    '__id' => 1
]

$_SERVER = [
    'SCRIPT_URL' => '/index.php'
    'SCRIPT_URI' => 'http://intranet.local/index.php'
    'HTTP_HOST' => 'intranet.local'
    'HTTP_CONNECTION' => 'keep-alive'
    'HTTP_ACCEPT' => 'application/json, text/javascript, */*; q=0.01'
    'HTTP_X_CSRF_TOKEN' => 'ZXM3VXZGMERTGAM8LjYALzQBbwQ4FkArBzpgPxQlUysNOAEYRDJfFQ=='
    'HTTP_USER_AGENT' => 'Mozilla/5.0 (X11; Linux x86_64) AppleWebKit/537.36 (KHTML, like Gecko) Chrome/59.0.3071.115 Safari/537.36'
    'HTTP_X_REQUESTED_WITH' => 'XMLHttpRequest'
    'HTTP_REFERER' => 'http://intranet.local/index.php?r=anniversary%2Fdate'
    'HTTP_ACCEPT_ENCODING' => 'gzip, deflate'
    'HTTP_ACCEPT_LANGUAGE' => 'es-419,es;q=0.8,en;q=0.6'
    'HTTP_COOKIE' => 'PHPFRONTSESSID=p2hvcblb2b90nfm3kekahoa6c6; _frontendCSRF=724cde5ae595a350a96c70095b4e5891b66e47d1729a6fc0ee27d3f6b91fd6c0a%3A2%3A%7Bi%3A0%3Bs%3A13%3A%22_frontendCSRF%22%3Bi%3A1%3Bs%3A32%3A%226k4iXp0kQrXQNPpobIWjbccohK6M2toQ%22%3B%7D; _csrf-backend=054d412676d648decb8d740d8492b934f8aef83fb2c4b33509789a29b263b459a%3A2%3A%7Bi%3A0%3Bs%3A13%3A%22_csrf-backend%22%3Bi%3A1%3Bs%3A32%3A%22KASOFCQ9lEX1R-bTWPHyfD1KFt1f62z9%22%3B%7D; advanced-backend=rvq67mjqgej0ugnm5eeifcdms2; _identity-backend=10ac79f6251713b89862d8a6b596485e80d67e06d51a0f12b6e16d21ec7db4aaa%3A2%3A%7Bi%3A0%3Bs%3A17%3A%22_identity-backend%22%3Bi%3A1%3Bs%3A46%3A%22%5B1%2C%22zmvjCiyO9z6QcAVkmSu-M4wzfreyCd2k%22%2C2592000%5D%22%3B%7D'
    'PATH' => '/usr/local/sbin:/usr/local/bin:/usr/sbin:/usr/bin:/sbin:/bin'
    'SERVER_SIGNATURE' => '<address>Apache/2.4.18 (Ubuntu) Server at intranet.local Port 80</address>
'
    'SERVER_SOFTWARE' => 'Apache/2.4.18 (Ubuntu)'
    'SERVER_NAME' => 'intranet.local'
    'SERVER_ADDR' => '127.0.1.1'
    'SERVER_PORT' => '80'
    'REMOTE_ADDR' => '127.0.0.1'
    'DOCUMENT_ROOT' => '/var/www/intranet/src/web/intranet'
    'REQUEST_SCHEME' => 'http'
    'CONTEXT_PREFIX' => ''
    'CONTEXT_DOCUMENT_ROOT' => '/var/www/intranet/src/web/intranet'
    'SERVER_ADMIN' => '[no address given]'
    'SCRIPT_FILENAME' => '/var/www/intranet/src/web/intranet/frontend/web/index.php'
    'REMOTE_PORT' => '38828'
    'GATEWAY_INTERFACE' => 'CGI/1.1'
    'SERVER_PROTOCOL' => 'HTTP/1.1'
    'REQUEST_METHOD' => 'GET'
    'QUERY_STRING' => 'r=anniversary%2Fjsonanniversary&start=2017-06-26&end=2017-08-07&_=1501018484482'
    'REQUEST_URI' => '/index.php?r=anniversary%2Fjsonanniversary&start=2017-06-26&end=2017-08-07&_=1501018484482'
    'SCRIPT_NAME' => '/index.php'
    'PHP_SELF' => '/index.php'
    'REQUEST_TIME_FLOAT' => 1501018484.606
    'REQUEST_TIME' => 1501018484
]
2017-07-25 21:34:51 [127.0.0.1][1][p2hvcblb2b90nfm3kekahoa6c6][error][Error] Error: Call to a member function getFinicio() on null in /var/www/intranet/src/web/intranet/frontend/controllers/AnniversaryController.php:106
Stack trace:
#0 [internal function]: frontend\controllers\AnniversaryController->actionJsonanniversary()
#1 /var/www/intranet/src/web/intranet/vendor/yiisoft/yii2/base/InlineAction.php(57): call_user_func_array(Array, Array)
#2 /var/www/intranet/src/web/intranet/vendor/yiisoft/yii2/base/Controller.php(156): yii\base\InlineAction->runWithParams(Array)
#3 /var/www/intranet/src/web/intranet/vendor/yiisoft/yii2/base/Module.php(523): yii\base\Controller->runAction('jsonanniversary', Array)
#4 /var/www/intranet/src/web/intranet/vendor/yiisoft/yii2/web/Application.php(102): yii\base\Module->runAction('anniversary/jso...', Array)
#5 /var/www/intranet/src/web/intranet/vendor/yiisoft/yii2/base/Application.php(380): yii\web\Application->handleRequest(Object(yii\web\Request))
#6 /var/www/intranet/src/web/intranet/frontend/web/index.php(17): yii\base\Application->run()
#7 {main}
2017-07-25 21:34:51 [127.0.0.1][1][p2hvcblb2b90nfm3kekahoa6c6][info][application] $_GET = [
    'r' => 'anniversary/jsonanniversary'
    'start' => '2017-06-26'
    'end' => '2017-08-07'
    '_' => '1501018484482'
]

$_COOKIE = [
    'PHPFRONTSESSID' => 'p2hvcblb2b90nfm3kekahoa6c6'
    '_frontendCSRF' => '724cde5ae595a350a96c70095b4e5891b66e47d1729a6fc0ee27d3f6b91fd6c0a:2:{i:0;s:13:\"_frontendCSRF\";i:1;s:32:\"6k4iXp0kQrXQNPpobIWjbccohK6M2toQ\";}'
    '_csrf-backend' => '054d412676d648decb8d740d8492b934f8aef83fb2c4b33509789a29b263b459a:2:{i:0;s:13:\"_csrf-backend\";i:1;s:32:\"KASOFCQ9lEX1R-bTWPHyfD1KFt1f62z9\";}'
    'advanced-backend' => 'rvq67mjqgej0ugnm5eeifcdms2'
    '_identity-backend' => '10ac79f6251713b89862d8a6b596485e80d67e06d51a0f12b6e16d21ec7db4aaa:2:{i:0;s:17:\"_identity-backend\";i:1;s:46:\"[1,\"zmvjCiyO9z6QcAVkmSu-M4wzfreyCd2k\",2592000]\";}'
]

$_SESSION = [
    '__flash' => []
    '__id' => 1
]

$_SERVER = [
    'SCRIPT_URL' => '/index.php'
    'SCRIPT_URI' => 'http://intranet.local/index.php'
    'HTTP_HOST' => 'intranet.local'
    'HTTP_CONNECTION' => 'keep-alive'
    'HTTP_UPGRADE_INSECURE_REQUESTS' => '1'
    'HTTP_USER_AGENT' => 'Mozilla/5.0 (X11; Linux x86_64) AppleWebKit/537.36 (KHTML, like Gecko) Chrome/59.0.3071.115 Safari/537.36'
    'HTTP_ACCEPT' => 'text/html,application/xhtml+xml,application/xml;q=0.9,image/webp,image/apng,*/*;q=0.8'
    'HTTP_ACCEPT_ENCODING' => 'gzip, deflate'
    'HTTP_ACCEPT_LANGUAGE' => 'es-419,es;q=0.8,en;q=0.6'
    'HTTP_COOKIE' => 'PHPFRONTSESSID=p2hvcblb2b90nfm3kekahoa6c6; _frontendCSRF=724cde5ae595a350a96c70095b4e5891b66e47d1729a6fc0ee27d3f6b91fd6c0a%3A2%3A%7Bi%3A0%3Bs%3A13%3A%22_frontendCSRF%22%3Bi%3A1%3Bs%3A32%3A%226k4iXp0kQrXQNPpobIWjbccohK6M2toQ%22%3B%7D; _csrf-backend=054d412676d648decb8d740d8492b934f8aef83fb2c4b33509789a29b263b459a%3A2%3A%7Bi%3A0%3Bs%3A13%3A%22_csrf-backend%22%3Bi%3A1%3Bs%3A32%3A%22KASOFCQ9lEX1R-bTWPHyfD1KFt1f62z9%22%3B%7D; advanced-backend=rvq67mjqgej0ugnm5eeifcdms2; _identity-backend=10ac79f6251713b89862d8a6b596485e80d67e06d51a0f12b6e16d21ec7db4aaa%3A2%3A%7Bi%3A0%3Bs%3A17%3A%22_identity-backend%22%3Bi%3A1%3Bs%3A46%3A%22%5B1%2C%22zmvjCiyO9z6QcAVkmSu-M4wzfreyCd2k%22%2C2592000%5D%22%3B%7D'
    'PATH' => '/usr/local/sbin:/usr/local/bin:/usr/sbin:/usr/bin:/sbin:/bin'
    'SERVER_SIGNATURE' => '<address>Apache/2.4.18 (Ubuntu) Server at intranet.local Port 80</address>
'
    'SERVER_SOFTWARE' => 'Apache/2.4.18 (Ubuntu)'
    'SERVER_NAME' => 'intranet.local'
    'SERVER_ADDR' => '127.0.1.1'
    'SERVER_PORT' => '80'
    'REMOTE_ADDR' => '127.0.0.1'
    'DOCUMENT_ROOT' => '/var/www/intranet/src/web/intranet'
    'REQUEST_SCHEME' => 'http'
    'CONTEXT_PREFIX' => ''
    'CONTEXT_DOCUMENT_ROOT' => '/var/www/intranet/src/web/intranet'
    'SERVER_ADMIN' => '[no address given]'
    'SCRIPT_FILENAME' => '/var/www/intranet/src/web/intranet/frontend/web/index.php'
    'REMOTE_PORT' => '38830'
    'GATEWAY_INTERFACE' => 'CGI/1.1'
    'SERVER_PROTOCOL' => 'HTTP/1.1'
    'REQUEST_METHOD' => 'GET'
    'QUERY_STRING' => 'r=anniversary%2Fjsonanniversary&start=2017-06-26&end=2017-08-07&_=1501018484482'
    'REQUEST_URI' => '/index.php?r=anniversary%2Fjsonanniversary&start=2017-06-26&end=2017-08-07&_=1501018484482'
    'SCRIPT_NAME' => '/index.php'
    'PHP_SELF' => '/index.php'
    'REQUEST_TIME_FLOAT' => 1501018491.081
    'REQUEST_TIME' => 1501018491
]
